*----------------------------------------------------------------------------------------
*	Innovus 17.11-s080_1 (64bit) 08/04/2017 11:13 (Linux 2.6.18-194.el5)
*	
*
* 	Date & Time:	2020-Nov-17 22:15:11 (2020-Nov-17 21:15:11 GMT)
*
*----------------------------------------------------------------------------------------
*
*	Design: IIR_Filter
*
*	Liberty Libraries used: 
*	        MyAnView: /home/isa34/cap1/innovus/IIR_Filter.enc.dat/libs/mmmc/NangateOpenCellLibrary_typical_ecsm_nowlm.lib
*
*	Power Domain used: 
*		Rail:        VDD 	Voltage:        1.1 
*
*       Power View : MyAnView
*
*       User-Defined Activity : N.A.
*
*	Switching Activity File used: 
*	        ../vcd/design.vcd
*			Vcd Window used(Start Time, Stop Time):(7.5645e+38, 7.56451e+38) 
*                     Vcd Scale Factor: 1 
**                    Design annotation coverage: 1277/1277 = 100% 
*
*       Hierarchical Global Activity: N.A.
*
*       Global Activity: N.A.
*
*       Sequential Element Activity: N.A.
*
*       Primary Input Activity: 0.200000
*
*       Default icg ratio: N.A.
*
*       Global Comb ClockGate Ratio: N.A.
*
*	Power Units = 1mW
*
*	Time Units = 1e-09 secs 
*
*       Temperature = 25 
*
*       report_power -outfile .//IIR_Filter.rpt -rail_analysis_format VS
*
-----------------------------------------------------------------------------------------
Cell                            Internal   Switching       Total     Leakage   Cell
                                   Power       Power       Power       Power   Name
--------------------------------------------------------------------------------------
sub_0_root_sub_0_root_sub_57_U2_1   0.003707     0.01052      0.0143   7.566e-05  FA_X1
sub_0_root_sub_0_root_sub_57_U2_8   0.002989     0.01026     0.01333   7.582e-05  FA_X1
mult_58_U3                      0.007484    0.005137     0.01269   7.426e-05  FA_X1
sub_0_root_sub_0_root_sub_57_U2_5   0.003458     0.00902     0.01256   7.694e-05  FA_X1
sub_0_root_sub_0_root_sub_57_U2_3   0.003547    0.008806     0.01243   7.567e-05  FA_X1
mult_58_U4                      0.007099    0.005154     0.01233   7.592e-05  FA_X1
mult_58_U5                      0.006775    0.004831     0.01168   7.819e-05  FA_X1
sub_0_root_sub_0_root_sub_57_U2_7     0.0033    0.007745     0.01112   7.582e-05  FA_X1
mult_58_U6                      0.006608    0.004198     0.01087   6.974e-05  FA_X1
mult_58_U7                      0.006565    0.004079     0.01072   7.435e-05  FA_X1
mult_58_U34                     0.006045    0.004146     0.01026   7.189e-05  FA_X1
mult_58_U8                      0.006136    0.004014     0.01022   7.042e-05  FA_X1
mult_58_U30                     0.006056    0.003928     0.01006    7.29e-05  FA_X1
mult_58_U27                     0.005876    0.003947    0.009894   7.159e-05  FA_X1
mult_58_U9                      0.005846    0.003843    0.009755   6.584e-05  FA_X1
add_0_root_add_0_root_add_60_U1_6   0.006976    0.002637    0.009688   7.508e-05  FA_X1
add_0_root_add_0_root_add_60_U1_7     0.0067    0.002447    0.009222   7.508e-05  FA_X1
mult_58_U39                     0.005418    0.003623    0.009108   6.726e-05  FA_X1
add_0_root_add_0_root_add_60_U1_5   0.006578     0.00236    0.009013    7.47e-05  FA_X1
add_0_root_add_0_root_add_60_U1_2   0.006532    0.002308    0.008914    7.42e-05  FA_X1
mult_58_U24                     0.005028    0.003464    0.008564   7.169e-05  FA_X1
FE_OFC4_mult_58_n299            0.001246    0.006925    0.008193   2.149e-05  BUF_X1
add_0_root_add_0_root_add_60_U1_1   0.006032    0.002073    0.008179   7.471e-05  FA_X1
add_0_root_add_0_root_add_60_U1_3   0.006033    0.002053     0.00816    7.42e-05  FA_X1
mult_58_U35                      0.00508    0.002982    0.008132   6.979e-05  FA_X1
FE_OFC1_mult_58_n302            0.001168     0.00694    0.008131   2.265e-05  BUF_X1
mult_58_U10                     0.004863    0.003205     0.00813   6.186e-05  FA_X1
mult_58_U31                     0.004964    0.002957    0.007998   7.707e-05  FA_X1
add_0_root_add_0_root_add_60_U1_4   0.005839    0.002025    0.007941   7.654e-05  FA_X1
mult_58_U45                     0.004867    0.002997    0.007932   6.714e-05  FA_X1
mult_58_U32                     0.004887    0.002952    0.007902   6.381e-05  FA_X1
mult_58_U23                     0.004831    0.002921    0.007823     7.1e-05  FA_X1
mult_58_U213                   0.0005904    0.007103    0.007709   1.545e-05  INV_X1
mult_58_U36                     0.004537    0.003052    0.007654   6.616e-05  FA_X1
mult_58_U22                     0.004354    0.003107    0.007525   6.466e-05  FA_X1
mult_58_U43                     0.004558    0.002865     0.00749   6.623e-05  FA_X1
mult_58_U25                     0.004273    0.003064    0.007403   6.678e-05  FA_X1
sub_0_root_sub_0_root_sub_57_U2_2    0.00353    0.003503     0.00711   7.626e-05  FA_X1
mult_58_U19                     0.004498    0.002531    0.007095     6.6e-05  FA_X1
mult_58_U338                    0.001646    0.005386    0.007068   3.633e-05  XOR2_X1
sub_0_root_sub_0_root_sub_57_U2_4   0.003499     0.00326    0.006833     7.4e-05  FA_X1
mult_58_U20                     0.003983    0.002743    0.006795   6.899e-05  FA_X1
mult_58_U29                     0.004003    0.002646    0.006716    6.63e-05  FA_X1
mult_58_U40                     0.004223    0.002423    0.006715   6.842e-05  FA_X1
mult_58_U42                     0.003758    0.002902    0.006714   5.384e-05  FA_X1
mult_58_U47                      0.00414    0.002494    0.006698   6.454e-05  FA_X1
sub_0_root_sub_0_root_sub_57_U2_6   0.003326    0.003191    0.006593   7.632e-05  FA_X1
mult_58_U49                     0.004012    0.002482    0.006558   6.471e-05  FA_X1
mult_58_U28                     0.004202    0.002184    0.006452   6.628e-05  FA_X1
mult_58_U346                    0.000669    0.005439    0.006124   1.659e-05  NAND2_X1
mult_58_U305                   0.0006911    0.005366    0.006066   8.967e-06  NAND2_X1
mult_58_U239                    0.002544     0.00342    0.006006   4.138e-05  XOR2_X1
FE_DBTC8_w_0                   0.0004208    0.005485     0.00592   1.453e-05  INV_X1
mult_58_U41                     0.003337    0.002302    0.005696   5.755e-05  FA_X1
mult_58_U240                    0.003814     0.00181    0.005652   2.821e-05  XOR2_X1
add_0_root_add_0_root_add_60_U1_8    0.00451   0.0008721    0.005458   7.517e-05  FA_X1
mult_58_U46                     0.003221     0.00206    0.005338   5.641e-05  FA_X1
mult_58_U324                    0.000527    0.004453    0.004994   1.418e-05  NAND2_X1
FE_DBTC9_w_3                   0.0005202    0.004214    0.004748   1.461e-05  INV_X1
add_1_root_add_0_root_add_60_U1_4   0.002732    0.001925    0.004733     7.5e-05  FA_X1
mult_58_U350                   0.0006229    0.003907    0.004545   1.548e-05  NAND2_X1
sub_1_root_sub_0_root_sub_57_U2_4   0.002449    0.002002    0.004527   7.595e-05  FA_X1
add_1_root_add_0_root_add_60_U1_3   0.002529    0.001908    0.004512    7.51e-05  FA_X1
add_1_root_add_0_root_add_60_U1_2    0.00247    0.001819    0.004365   7.601e-05  FA_X1
add_1_root_add_0_root_add_60_U1_1   0.002436    0.001845    0.004356   7.496e-05  FA_X1
mult_58_U50                     0.002619    0.001619    0.004289   4.983e-05  HA_X1
mult_58_U48                     0.002333    0.001761    0.004149   5.501e-05  HA_X1
add_1_root_add_0_root_add_60_U1_7   0.002424    0.001542    0.004041   7.487e-05  FA_X1
mult_51_U6                      0.002339    0.001458     0.00387   7.238e-05  FA_X1
sub_1_root_sub_0_root_sub_57_U2_5   0.002109    0.001683    0.003867   7.592e-05  FA_X1
sub_1_root_sub_0_root_sub_57_U2_2   0.002116    0.001666    0.003859   7.647e-05  FA_X1
add_1_root_add_0_root_add_60_U1_5   0.002289    0.001476    0.003839   7.465e-05  FA_X1
mult_58_U351                    0.001989      0.0018    0.003821   3.136e-05  XOR2_X1
sub_1_root_sub_0_root_sub_57_U2_1   0.002157    0.001575    0.003809   7.716e-05  FA_X1
mult_58_U250                    0.002193    0.001582    0.003806   3.124e-05  XNOR2_X1
add_0_root_add_0_root_add_60_U2   0.002853   0.0008458    0.003734   3.508e-05  XOR2_X1
sub_1_root_sub_0_root_sub_57_U2_3   0.002044    0.001611    0.003731   7.605e-05  FA_X1
FE_DBTC10_w_5                  0.0005713    0.003145     0.00373   1.382e-05  INV_X1
mult_58_U264                    0.002324    0.001327    0.003686   3.456e-05  XNOR2_X1
mult_53_U3                      0.002359    0.001238    0.003672    7.43e-05  FA_X1
mult_58_U262                    0.002324    0.001304    0.003663   3.456e-05  XNOR2_X1
sub_1_root_sub_0_root_sub_57_U2_7   0.001948    0.001623    0.003647   7.547e-05  FA_X1
mult_58_U44                     0.002069    0.001499    0.003626   5.774e-05  HA_X1
sub_1_root_sub_0_root_sub_57_U2_8   0.002234    0.001313    0.003622   7.547e-05  FA_X1
mult_58_U259                    0.001673    0.001914    0.003619   3.134e-05  OAI22_X1
mult_58_U349                    0.002324    0.001247    0.003606   3.456e-05  XNOR2_X1
mult_58_U281                    0.001717    0.001847    0.003596   3.187e-05  OAI22_X1
sub_1_root_sub_0_root_sub_57_U2_6   0.001921    0.001583     0.00358   7.551e-05  FA_X1
add_1_root_add_0_root_add_60_U1_6   0.002113     0.00135    0.003539   7.487e-05  FA_X1
mult_58_U275                    0.001717     0.00174    0.003489   3.187e-05  OAI22_X1
mult_51_U7                      0.002118    0.001289    0.003483   7.699e-05  FA_X1
mult_47_U3                      0.002486   0.0009163    0.003477    7.43e-05  FA_X1
mult_53_U7                      0.002119    0.001219    0.003412   7.455e-05  FA_X1
mult_58_U255                    0.001292    0.002064    0.003387   3.145e-05  OAI22_X1
add_1_root_add_0_root_add_60_U1_8   0.002188    0.001118    0.003381   7.487e-05  FA_X1
mult_45_U3                      0.002428   0.0008663    0.003369   7.426e-05  FA_X1
mult_58_U294                    0.002029    0.001219    0.003279   3.203e-05  XNOR2_X1
mult_58_U276                    0.002002    0.001244    0.003276   3.047e-05  XNOR2_X1
mult_51_U3                      0.002036    0.001127    0.003238   7.428e-05  FA_X1
mult_51_U9                       0.00195    0.001208    0.003231   7.286e-05  FA_X1
mult_58_U242                    0.002562   0.0006284    0.003225   3.454e-05  XOR2_X1
mult_58_U253                    0.002438    0.000755    0.003225   3.113e-05  XNOR2_X1
mult_58_U298                    0.002028    0.001159     0.00322   3.203e-05  XNOR2_X1
mult_47_U6                      0.002203   0.0009356     0.00321   7.207e-05  FA_X1
mult_58_U287                    0.002084    0.001071    0.003189   3.417e-05  XOR2_X1
mult_51_U8                      0.001937     0.00118    0.003186   6.837e-05  FA_X1
mult_58_U300                    0.002028    0.001116    0.003176   3.203e-05  XNOR2_X1
mult_58_U333                    0.002436    0.000698    0.003165   3.113e-05  XNOR2_X1
mult_58_U329                    0.002436   0.0006962    0.003163   3.113e-05  XNOR2_X1
mult_58_U293                    0.001606    0.001515    0.003157   3.578e-05  OAI22_X1
mult_58_U277                    0.001799    0.001318    0.003149   3.281e-05  OAI22_X1
mult_58_U256                    0.001278    0.001825    0.003139   3.683e-05  OAI22_X1
mult_58_U282                    0.002001    0.001098    0.003129   3.047e-05  XNOR2_X1
mult_58_U335                    0.002434   0.0006562    0.003122   3.113e-05  XNOR2_X1
mult_51_U5                      0.001859    0.001195    0.003119   6.444e-05  FA_X1
mult_45_U10                     0.001919    0.001124    0.003112   6.894e-05  FA_X1
mult_58_U280                    0.002001    0.001068    0.003099   3.047e-05  XNOR2_X1
mult_58_U273                    0.001799    0.001256    0.003088   3.281e-05  OAI22_X1
FE_DBTC11_w_7                  0.0004668    0.002589     0.00307   1.428e-05  INV_X1
mult_47_U5                      0.002134   0.0008563    0.003068   7.758e-05  FA_X1
mult_47_U7                      0.002111   0.0008442     0.00303    7.53e-05  FA_X1
mult_53_U4                      0.001886    0.001067    0.003029   7.605e-05  FA_X1
mult_58_U299                    0.001606    0.001373    0.003014   3.578e-05  OAI22_X1
mult_47_U30                     0.001776    0.001156    0.003006   7.484e-05  FA_X1
mult_47_U8                      0.002109   0.0008279    0.003005     6.8e-05  FA_X1
mult_45_U5                      0.002073   0.0008609    0.003002   6.739e-05  FA_X1
mult_53_U6                      0.001835     0.00109    0.002994   6.985e-05  FA_X1
mult_45_U9                      0.002029   0.0008311    0.002927   6.681e-05  FA_X1
mult_58_U295                    0.001425    0.001449    0.002909   3.423e-05  OAI22_X1
mult_58_U283                    0.001407    0.001456    0.002894   3.145e-05  OAI22_X1
mult_53_U8                      0.001773    0.001043    0.002887   7.085e-05  FA_X1
mult_45_U4                      0.001988   0.0008164    0.002883   7.844e-05  FA_X1
mult_53_U5                      0.001761    0.001032    0.002871   7.829e-05  FA_X1
mult_47_U4                      0.001993   0.0007986    0.002867   7.605e-05  FA_X1
mult_51_U10                     0.001715    0.001076    0.002863   7.257e-05  FA_X1
mult_45_U6                      0.001986   0.0007976     0.00286   7.604e-05  FA_X1
mult_47_U27                     0.001665    0.001118    0.002857   7.346e-05  FA_X1
mult_45_U8                      0.001959   0.0008105    0.002839   6.949e-05  FA_X1
mult_58_U348                    0.001807   0.0009992    0.002833   2.675e-05  OAI22_X1
mult_45_U7                      0.001973   0.0007819    0.002827   7.252e-05  FA_X1
mult_58_U306                    0.001963   0.0008255    0.002824   3.603e-05  XNOR2_X1
mult_58_U291                    0.001425    0.001356    0.002815   3.423e-05  OAI22_X1
mult_47_U10                     0.001734    0.001004    0.002802   6.364e-05  FA_X1
mult_58_U347                     0.00201   0.0007522    0.002799   3.656e-05  XNOR2_X1
mult_45_U27                     0.001606    0.001088    0.002769   7.531e-05  FA_X1
mult_58_U267                    0.001328    0.001373    0.002742   4.174e-05  OAI22_X1
mult_58_U311                    0.001409    0.001298    0.002736   2.925e-05  OAI22_X1
mult_58_U301                    0.001278    0.001415     0.00273   3.683e-05  OAI22_X1
mult_58_U265                    0.001328    0.001355    0.002725   4.174e-05  OAI22_X1
mult_45_U30                     0.001585    0.001061    0.002719   7.375e-05  FA_X1
mult_51_U27                     0.001559    0.001043    0.002674     7.2e-05  FA_X1
mult_51_U4                       0.00161   0.0009812    0.002671   7.982e-05  FA_X1
mult_58_U314                    0.001408    0.001231    0.002669   2.925e-05  OAI22_X1
mult_58_U318                    0.001451    0.001188    0.002669   2.957e-05  OAI22_X1
mult_58_U271                    0.001405     0.00123    0.002667   3.145e-05  OAI22_X1
mult_51_U34                     0.001571    0.001025    0.002664   6.825e-05  FA_X1
mult_58_U312                    0.001648   0.0009805     0.00266   3.113e-05  XNOR2_X1
mult_58_U339                    0.001771   0.0008334    0.002642   3.712e-05  AOI222_X1
mult_47_U9                      0.001808   0.0007654    0.002639    6.51e-05  FA_X1
mult_58_U317                    0.001648   0.0009489    0.002628   3.113e-05  XNOR2_X1
mult_51_U30                      0.00153    0.001013    0.002616   7.298e-05  FA_X1
mult_45_U34                     0.001529    0.001016    0.002613   6.721e-05  FA_X1
mult_58_U319                    0.001648     0.00093    0.002609   3.113e-05  XNOR2_X1
mult_58_U266                    0.001243    0.001315    0.002599   3.962e-05  XNOR2_X1
mult_47_U39                     0.001477    0.001044    0.002586   6.468e-05  FA_X1
mult_58_U325                     0.00184   0.0007091    0.002585   3.621e-05  XNOR2_X1
mult_58_U260                    0.001244    0.001301    0.002584   3.962e-05  XNOR2_X1
mult_47_U34                     0.001513   0.0009984     0.00258   6.944e-05  FA_X1
mult_53_U9                      0.001555   0.0009501     0.00257    6.55e-05  FA_X1
mult_45_U23                     0.001623   0.0008753    0.002569   7.131e-05  FA_X1
mult_53_U10                      0.00154   0.0009632    0.002565   6.164e-05  FA_X1
DOUT_reg_5_                      0.00214   0.0003349    0.002564   8.822e-05  DFFR_X1
mult_58_U268                    0.001244    0.001279    0.002563   3.962e-05  XNOR2_X1
mult_58_U233                    0.001453    0.001069    0.002558   3.587e-05  MUX2_X1
mult_58_U270                    0.001245    0.001271    0.002555   3.962e-05  XNOR2_X1
DOUT_reg_1_                      0.00212    0.000338    0.002546   8.824e-05  DFFR_X1
mult_58_U279                    0.001427    0.001081    0.002541   3.326e-05  OAI22_X1
mult_45_U39                     0.001451   0.0009851    0.002506   7.004e-05  FA_X1
DOUT_reg_2_                     0.002104   0.0003107    0.002503   8.827e-05  DFFR_X1
mult_58_U221                   0.0007524    0.001723    0.002492    1.61e-05  INV_X1
mult_45_U24                     0.001462    0.000957    0.002488   6.833e-05  FA_X1
sub_1_root_sub_0_root_sub_57_U10    0.00103    0.001407    0.002475   3.754e-05  XNOR2_X1
sw_reg_0__7_                      0.0014   0.0009844    0.002472   8.823e-05  DFFR_X1
mult_58_U289                    0.001276    0.001158    0.002471   3.683e-05  OAI22_X1
mult_53_U30                     0.001463   0.0009331    0.002469   7.285e-05  FA_X1
mult_58_U257                    0.001074    0.001351    0.002454   2.969e-05  OAI22_X1
mult_45_U20                     0.001404   0.0009721    0.002445   6.904e-05  FA_X1
add_1_root_add_0_root_add_60_U1   0.001035    0.001372    0.002445   3.702e-05  XOR2_X1
mult_53_U34                     0.001409   0.0009371    0.002418   7.206e-05  FA_X1
sw_reg_0__5_                    0.001496   0.0008336    0.002418    8.82e-05  DFFR_X1
mult_47_U24                     0.001396   0.0009305    0.002398   7.136e-05  FA_X1
mult_58_U249                    0.001315     0.00104    0.002381   2.568e-05  AND3_X1
mult_58_U344                    0.001194    0.001144    0.002368   2.992e-05  OAI21_X1
DOUT_reg_6_                     0.002055    0.000224    0.002367   8.823e-05  DFFR_X1
mult_45_U42                     0.001391   0.0008912    0.002354   7.229e-05  FA_X1
mult_53_U27                      0.00137   0.0008962    0.002337   7.143e-05  FA_X1
mult_47_U42                     0.001399   0.0008655    0.002333   6.871e-05  FA_X1
mult_51_U39                     0.001343   0.0009103    0.002322   6.914e-05  FA_X1
DOUT_reg_4_                     0.001985   0.0002472     0.00232   8.823e-05  DFFR_X1
DOUT_reg_0_                     0.001998   0.0002141      0.0023   8.816e-05  DFFR_X1
mult_58_U278                    0.001061    0.001184    0.002288   4.222e-05  XNOR2_X1
mult_51_U42                      0.00133    0.000879    0.002286   7.651e-05  FA_X1
mult_58_U297                    0.001178    0.001069     0.00228   3.327e-05  OAI22_X1
mult_51_U35                     0.001401    0.000806    0.002279   7.282e-05  FA_X1
mult_58_U274                    0.001062    0.001156     0.00226   4.222e-05  XNOR2_X1
mult_45_U35                     0.001359   0.0008153    0.002245   7.134e-05  FA_X1
mult_58_U303                     0.00108    0.001111    0.002233   4.123e-05  XNOR2_X1
mult_58_U296                     0.00108    0.001107    0.002229   4.123e-05  XNOR2_X1
DOUT_reg_3_                     0.001969   0.0001627     0.00222   8.819e-05  DFFR_X1
mult_58_U292                     0.00108    0.001098    0.002219   4.123e-05  XNOR2_X1
mult_58_U316                     0.00115    0.001031     0.00221   2.913e-05  OAI22_X1
mult_58_U302                    0.001081    0.001086    0.002208   4.123e-05  XNOR2_X1
mult_58_U307                    0.001081    0.001084    0.002206   4.123e-05  XNOR2_X1
mult_53_U35                     0.001357   0.0007723      0.0022   6.991e-05  FA_X1
add_0_root_add_0_root_add_60_U1   0.001253   0.0009215    0.002199   2.445e-05  AND2_X1
mult_53_U24                     0.001275    0.000845    0.002192   7.191e-05  FA_X1
mult_58_U285                    0.001063    0.001082    0.002188   4.222e-05  XNOR2_X1
mult_45_U28                      0.00138   0.0007218    0.002166    6.46e-05  FA_X1
mult_45_U22                     0.001238   0.0008537    0.002158   6.583e-05  FA_X1
mult_58_U284                    0.001064    0.001048    0.002154   4.222e-05  XNOR2_X1
mult_47_U35                     0.001301   0.0007673    0.002143   7.441e-05  FA_X1
mult_47_U25                     0.001186   0.0008794    0.002132   6.673e-05  FA_X1
mult_58_U343                    0.001556   0.0005328    0.002125   3.655e-05  AOI222_X1
DOUT_reg_7_                      0.00191   0.0001213    0.002119   8.822e-05  DFFR_X1
mult_58_U251                   0.0007436    0.001345    0.002117   2.813e-05  NAND2_X1
mult_47_U31                     0.001304    0.000738    0.002116   7.455e-05  FA_X1
U59                             0.001591   0.0004984    0.002115    2.56e-05  OAI22_X1
mult_58_U254                    0.001451   0.0006234    0.002104   2.957e-05  OAI22_X1
mult_51_U23                     0.001325   0.0007073    0.002103   7.096e-05  FA_X1
mult_58_U261                   0.0009861     0.00107    0.002085   2.858e-05  OAI22_X1
sw_reg_1__7_                    0.001081     0.00091    0.002079   8.822e-05  DFFR_X1
U65                             0.001522   0.0005128    0.002069   3.337e-05  OAI22_X1
DOUT_reg_8_                     0.001924   4.493e-05    0.002057   8.822e-05  DFFR_X1
mult_58_U320                    0.001072   0.0009501    0.002052   2.969e-05  OAI22_X1
mult_47_U22                     0.001102   0.0008822    0.002049   6.461e-05  FA_X1
sw_reg_0__3_                    0.001385   0.0005611    0.002035   8.824e-05  DFFR_X1
sw_reg_1__5_                    0.001078   0.0008577    0.002024   8.818e-05  DFFR_X1
mult_58_U331                    0.001344   0.0006269    0.002012   4.181e-05  XNOR2_X1
mult_58_U244                    0.001344   0.0006242     0.00201   4.181e-05  XNOR2_X1
mult_58_U337                    0.001344   0.0006237    0.002009   4.181e-05  XNOR2_X1
mult_58_U232                    0.000514    0.001457    0.001984   1.344e-05  INV_X1
mult_47_U40                     0.001231   0.0006817    0.001978   6.445e-05  FA_X1
mult_45_U19                     0.001203   0.0007038    0.001973   6.595e-05  FA_X1
sw_reg_0__2_                    0.001415   0.0004676    0.001971   8.832e-05  DFFR_X1
mult_58_U309                    0.001072   0.0008619    0.001964   2.969e-05  OAI22_X1
mult_58_U245                   0.0009823   0.0009486    0.001963   3.223e-05  OAI21_X1
mult_58_U252                   0.0006528    0.001297    0.001961   1.177e-05  NAND2_X1
mult_58_U263                   0.0008744    0.001041    0.001953   3.769e-05  OAI22_X1
mult_45_U29                     0.001129   0.0007501    0.001946    6.73e-05  FA_X1
U49                             0.001419   0.0004963    0.001943   2.735e-05  OAI22_X1
mult_58_U340                    0.001327    0.000577    0.001937    3.28e-05  AOI222_X1
mult_51_U47                     0.001165   0.0006965    0.001936    7.43e-05  FA_X1
mult_45_U47                      0.00115   0.0007072    0.001931   7.394e-05  FA_X1
FE_RC_13_0                      0.001209   0.0006734    0.001918   3.463e-05  AOI21_X1
mult_51_U31                     0.001155   0.0006816     0.00191   7.312e-05  FA_X1
mult_51_U22                     0.001096   0.0007376      0.0019   6.655e-05  FA_X1
mult_47_U47                     0.001131    0.000693    0.001895   7.154e-05  FA_X1
U63                             0.001434   0.0004372    0.001893   2.198e-05  OAI22_X1
mult_51_U20                     0.001074   0.0007474    0.001891   6.899e-05  FA_X1
mult_45_U25                     0.001069    0.000754    0.001889   6.639e-05  FA_X1
mult_47_U245                    0.001249   0.0006105    0.001888    2.82e-05  XOR2_X1
mult_53_U45                     0.001133   0.0006863    0.001886   6.702e-05  FA_X1
mult_58_U226                   0.0005918    0.001274    0.001882    1.61e-05  INV_X1
mult_47_U36                     0.001074   0.0007331    0.001873    6.62e-05  FA_X1
mult_53_U39                     0.001076   0.0007232    0.001866   6.699e-05  FA_X1
mult_45_U32                      0.00113   0.0006701    0.001864   6.386e-05  FA_X1
mult_58_U218                    0.001526    0.000298    0.001859   3.532e-05  XOR2_X1
mult_45_U31                     0.001141   0.0006314     0.00185    7.81e-05  FA_X1
mult_47_U19                     0.001143   0.0006378    0.001847   6.595e-05  FA_X1
mult_45_U36                     0.001067   0.0007153    0.001843   6.077e-05  FA_X1
FE_OFC13_mult_47_n307           0.000267    0.001552    0.001842   2.263e-05  BUF_X1
FE_OFC12_mult_45_n307          0.0002683    0.001549     0.00184   2.265e-05  BUF_X1
mult_58_U313                   0.0008805   0.0009168    0.001839   4.181e-05  XNOR2_X1
mult_51_U29                     0.001064   0.0007047    0.001835    6.63e-05  FA_X1
mult_58_U315                   0.0008809   0.0009072     0.00183   4.181e-05  XNOR2_X1
mult_53_U245                    0.001263   0.0005382     0.00183    2.82e-05  XOR2_X1
mult_58_U341                    0.001292   0.0005008    0.001829   3.615e-05  AOI222_X1
mult_45_U245                    0.001183   0.0006172    0.001828   2.821e-05  XOR2_X1
mult_58_U321                   0.0008811   0.0008993    0.001822   4.181e-05  XNOR2_X1
mult_47_U23                     0.001124   0.0006264    0.001822   7.084e-05  FA_X1
sub_0_root_sub_0_root_sub_57_U9   0.001254   0.0005308    0.001821   3.698e-05  XNOR2_X1
mult_58_U258                   0.0008741   0.0009036    0.001815   3.769e-05  OAI22_X1
U55                             0.001386   0.0003965    0.001807   2.393e-05  OAI22_X1
sw_reg_0__4_                    0.001349   0.0003631    0.001801   8.821e-05  DFFR_X1
mult_58_U322                   0.0008817   0.0008755    0.001799   4.181e-05  XNOR2_X1
FE_OFC14_mult_47_n304          0.0002686    0.001508    0.001798   2.146e-05  BUF_X1
mult_58_U227                   0.0005523    0.001231    0.001795   1.253e-05  INV_X1
FE_OFC8_sw_14                  0.0001718      0.0016    0.001794   2.173e-05  BUF_X1
U57                             0.001302   0.0004593    0.001786   2.424e-05  OAI22_X1
FE_OFC15_mult_45_n304          0.0002699    0.001492    0.001784   2.146e-05  BUF_X1
sw_reg_0__1_                    0.001424   0.0002719    0.001784   8.801e-05  DFFR_X1
mult_58_U326                   0.0008821   0.0008583    0.001782   4.181e-05  XNOR2_X1
U61                             0.001325   0.0004197    0.001769   2.401e-05  OAI22_X1
mult_45_U46                     0.001059   0.0006363    0.001768   7.206e-05  FA_X1
FE_OFC16_mult_51_n307          0.0002684    0.001474    0.001765   2.265e-05  BUF_X1
mult_53_U31                     0.001048   0.0006342     0.00176   7.695e-05  FA_X1
mult_51_U32                     0.001034   0.0006606    0.001758    6.38e-05  FA_X1
FE_OFC17_mult_53_n304          0.0002685    0.001463    0.001753   2.146e-05  BUF_X1
FE_OFC18_mult_51_n304          0.0002699    0.001458     0.00175   2.146e-05  BUF_X1
U51                             0.001321   0.0003885    0.001737   2.753e-05  OAI22_X1
mult_58_U223                   0.0005722    0.001149    0.001735   1.378e-05  INV_X1
mult_58_U290                      0.0011   0.0005915    0.001733   4.123e-05  XNOR2_X1
mult_53_U47                     0.001037    0.000627    0.001728   6.442e-05  FA_X1
mult_58_U235                    0.001356   0.0003461    0.001728    2.55e-05  AND3_X1
sw_reg_1__3_                   0.0009723   0.0006604    0.001721   8.824e-05  DFFR_X1
FE_OFC6_sw_16                  0.0001773    0.001518    0.001716    2.15e-05  BUF_X1
mult_45_U45                     0.001021   0.0006342    0.001715   5.961e-05  FA_X1
mult_47_U32                     0.001011    0.000639    0.001714   6.375e-05  FA_X1
mult_53_U244                   0.0008435   0.0008226    0.001708   4.164e-05  XOR2_X1
FE_OFC2_sw_7                    0.000179    0.001506    0.001707   2.152e-05  BUF_X1
mult_53_U25                    0.0009706   0.0006605    0.001698   6.673e-05  FA_X1
FE_OFC19_mult_53_n307          0.0002672    0.001406    0.001696   2.263e-05  BUF_X1
FE_OFC10_sw_12                 0.0001453    0.001527    0.001694   2.131e-05  BUF_X1
FE_OFC3_sw_5                   0.0001745    0.001494     0.00169   2.173e-05  BUF_X1
mult_47_U45                     0.001001   0.0006259    0.001689   6.221e-05  FA_X1
mult_51_U25                    0.0009623   0.0006557    0.001685   6.673e-05  FA_X1
mult_58_U246                    0.001187   0.0004691    0.001679   2.364e-05  OR3_X1
mult_58_U272                    0.001084   0.0005522    0.001678   4.222e-05  XNOR2_X1
mult_51_U28                      0.00106   0.0005501    0.001678   6.791e-05  FA_X1
mult_58_U332                   0.0006119    0.001025    0.001659   2.235e-05  NOR2_X1
FE_RC_15_0                      0.001021   0.0005943     0.00165    3.44e-05  AOI21_X1
mult_47_U29                    0.0009371   0.0006453    0.001649    6.63e-05  FA_X1
mult_58_U219                    0.001318   0.0002921    0.001648   3.773e-05  XOR2_X1
mult_51_U45                    0.0009685   0.0006188    0.001645    5.82e-05  FA_X1
mult_47_U28                     0.001047   0.0005293    0.001643   6.616e-05  FA_X1
mult_53_U23                     0.001019     0.00054     0.00163   7.084e-05  FA_X1
mult_51_U41                     0.000951   0.0005936     0.00161   6.558e-05  FA_X1
sw_reg_0__6_                    0.001237   0.0002853     0.00161   8.827e-05  DFFR_X1
mult_51_U24                     0.000926   0.0006113    0.001606   6.833e-05  FA_X1
mult_45_U43                    0.0009612   0.0005626    0.001595   7.111e-05  FA_X1
mult_58_U243                   0.0005966   0.0009683    0.001587   2.246e-05  NOR2_X1
FE_RC_14_0                     0.0009368   0.0006114    0.001581   3.301e-05  AOI21_X1
mult_58_U228                   0.0005704   0.0009844    0.001568   1.269e-05  INV_X1
mult_58_U328                   0.0006146   0.0009298    0.001567   2.235e-05  NOR2_X1
mult_58_U234                     0.00121   0.0003298    0.001565    2.52e-05  AND2_X1
mult_53_U40                    0.0009471   0.0005461    0.001562   6.837e-05  FA_X1
mult_53_U28                    0.0009883   0.0005028    0.001557   6.616e-05  FA_X1
U60                            0.0008522    0.000682    0.001548   1.428e-05  INV_X1
mult_53_U22                    0.0008816   0.0006001    0.001546   6.461e-05  FA_X1
mult_58_U334                   0.0006149   0.0009088    0.001546   2.235e-05  NOR2_X1
mult_45_U41                    0.0008936   0.0005838    0.001543   6.542e-05  FA_X1
mult_53_U36                    0.0009088    0.000564    0.001539    6.62e-05  FA_X1
mult_51_U46                    0.0009395   0.0005182    0.001536     7.8e-05  FA_X1
mult_53_U32                    0.0009013   0.0005702    0.001535   6.375e-05  FA_X1
mult_51_U36                    0.0009063    0.000567    0.001535   6.174e-05  FA_X1
mult_58_U225                   0.0004885    0.001029    0.001533   1.526e-05  INV_X1
mult_51_U244                    0.000715    0.000775    0.001532   4.151e-05  XOR2_X1
mult_53_U29                    0.0008172   0.0006424    0.001526    6.63e-05  FA_X1
mult_58_U214                   0.0004901    0.001014    0.001521   1.714e-05  INV_X1
mult_58_U247                    0.000789   0.0007017    0.001518   2.759e-05  OAI21_X1
mult_51_U245                    0.001044    0.000444    0.001516    2.82e-05  XOR2_X1
FE_OFC7_sw_3                   0.0001499     0.00133    0.001501   2.131e-05  BUF_X1
mult_58_U336                   0.0005992   0.0008737    0.001495   2.246e-05  NOR2_X1
mult_58_U229                   0.0004605    0.001008    0.001482   1.378e-05  INV_X1
mult_58_U330                   0.0005999   0.0008483    0.001471   2.246e-05  NOR2_X1
mult_53_U19                      0.00087   0.0005086    0.001445   6.595e-05  FA_X1
U66                            0.0008091   0.0006202    0.001442   1.253e-05  INV_X1
mult_51_U19                    0.0008732   0.0004993    0.001439     6.6e-05  FA_X1
mult_58_U231                   0.0004938    0.000916    0.001422   1.269e-05  INV_X1
sub_0_root_sub_0_root_sub_57_U8  0.0003438    0.001059    0.001417   1.428e-05  INV_X1
U53                             0.001063   0.0003281    0.001416    2.56e-05  OAI22_X1
mult_58_U345                   0.0008663   0.0005174    0.001412   2.825e-05  NAND3_X1
mult_47_U310                   0.0001568    0.001242    0.001408   8.982e-06  NAND2_X1
sw_reg_0__0_                    0.001167   0.0001497    0.001405   8.825e-05  DFFR_X1
mult_58_U236                    0.000426   0.0009643    0.001404   1.344e-05  INV_X1
mult_45_U310                   0.0001583    0.001236    0.001404   8.982e-06  NAND2_X1
mult_58_U310                   0.0008985   0.0004574    0.001398   4.181e-05  XNOR2_X1
mult_58_U215                   0.0004444    0.000928    0.001389   1.652e-05  INV_X1
mult_53_U310                   0.0001569    0.001218    0.001384   8.982e-06  NAND2_X1
mult_58_U342                   0.0008874   0.0004515    0.001374   3.467e-05  AOI222_X1
mult_51_U49                    0.0008016   0.0005014    0.001369   6.642e-05  FA_X1
mult_53_U42                     0.000793   0.0005186    0.001365   5.368e-05  FA_X1
U64                            0.0005411   0.0008037     0.00136    1.52e-05  INV_X1
sw_reg_1__2_                   0.0009329   0.0003353    0.001357   8.832e-05  DFFR_X1
mult_51_U310                   0.0001585    0.001171    0.001339   8.982e-06  NAND2_X1
mult_58_U241                   0.0006483   0.0006767    0.001337   1.177e-05  NAND2_X1
mult_58_U248                    0.000949   0.0003599    0.001334    2.49e-05  OR3_X1
mult_45_U49                    0.0007812     0.00048    0.001331   6.999e-05  FA_X1
mult_53_U43                    0.0008036   0.0004596    0.001329   6.596e-05  FA_X1
sw_reg_1__1_                   0.0008229   0.0004035    0.001314   8.798e-05  DFFR_X1
sub_0_root_sub_0_root_sub_57_U12  0.0003148   0.0009793    0.001308   1.428e-05  INV_X1
mult_47_U44                    0.0007355   0.0005105    0.001304   5.758e-05  HA_X1
mult_45_U40                     0.000796   0.0004387    0.001299   6.456e-05  FA_X1
sw_reg_1__4_                   0.0008871   0.0003218    0.001297   8.818e-05  DFFR_X1
FE_RC_16_0                     0.0007738   0.0004844    0.001293   3.469e-05  AOI21_X1
sw_reg_0__8_                    0.001016   0.0001827    0.001286   8.823e-05  DFFR_X1
sub_1_root_sub_0_root_sub_57_U12   0.000342   0.0009115    0.001268    1.42e-05  INV_X1
mult_47_U41                    0.0007269   0.0004689    0.001253   5.748e-05  FA_X1
mult_51_U43                    0.0007517   0.0004273    0.001242   6.249e-05  FA_X1
mult_58_U224                   0.0004033   0.0008135    0.001233   1.643e-05  INV_X1
sub_1_root_sub_0_root_sub_57_U8  0.0003349   0.0008831    0.001232   1.428e-05  INV_X1
U56                            0.0005205   0.0006961    0.001231    1.47e-05  INV_X1
add_1_root_add_0_root_add_60_U2  0.0007128   0.0004929    0.001231   2.521e-05  AND2_X1
mult_53_U219                   8.566e-05    0.001127    0.001228   1.541e-05  INV_X1
U50                            0.0005282   0.0006725    0.001215   1.386e-05  INV_X1
mult_51_U40                    0.0007304   0.0004103    0.001206   6.495e-05  FA_X1
mult_47_U244                   0.0007871    0.000374    0.001203   4.164e-05  XOR2_X1
mult_47_U329                   0.0001202    0.001064    0.001199   1.421e-05  NAND2_X1
mult_45_U244                   0.0007504   0.0004025    0.001194   4.138e-05  XOR2_X1
sub_1_root_sub_0_root_sub_57_U4  0.0003271   0.0008497    0.001191    1.42e-05  INV_X1
mult_47_U43                    0.0007029   0.0004228     0.00119   6.474e-05  FA_X1
mult_53_U49                    0.0006847   0.0004341    0.001183   6.454e-05  FA_X1
mult_45_U329                   0.0001201    0.001048    0.001182   1.418e-05  NAND2_X1
mult_51_U219                   8.662e-05     0.00107    0.001172   1.541e-05  INV_X1
mult_53_U44                    0.0006338   0.0004809    0.001172   5.758e-05  HA_X1
mult_45_U220                   8.668e-05    0.001065    0.001167   1.541e-05  INV_X1
sub_0_root_sub_0_root_sub_57_U2  0.0003293   0.0008152    0.001159    1.42e-05  INV_X1
mult_47_U20                    0.0006319   0.0004549    0.001156   6.904e-05  FA_X1
mult_47_U217                   8.574e-05    0.001053    0.001154   1.541e-05  INV_X1
sub_1_root_sub_0_root_sub_57_U9  0.0003063   0.0008328    0.001153   1.428e-05  INV_X1
Din_out_reg_reg_0_             0.0009108   0.0001542    0.001153   8.822e-05  DFFR_X1
sub_1_root_sub_0_root_sub_57_U2  0.0003301   0.0008083    0.001153    1.42e-05  INV_X1
mult_51_U329                   0.0001197    0.001008    0.001142   1.418e-05  NAND2_X1
sub_1_root_sub_0_root_sub_57_U3  0.0003425   0.0007781    0.001135   1.416e-05  INV_X1
sw_reg_1__6_                   0.0007787   0.0002677    0.001135   8.826e-05  DFFR_X1
FE_OFC11_sw_10                 9.141e-05    0.001015    0.001129   2.239e-05  BUF_X1
sub_0_root_sub_0_root_sub_57_U4  0.0004858   0.0006237    0.001129   1.898e-05  NAND2_X1
Din_out_reg_reg_2_             0.0009099   0.0001304    0.001129   8.822e-05  DFFR_X1
Din_out_reg_reg_1_             0.0009098   0.0001291    0.001127   8.822e-05  DFFR_X1
Din_out_reg_reg_3_             0.0009125   0.0001248    0.001125   8.822e-05  DFFR_X1
Din_out_reg_reg_6_             0.0009097   0.0001257    0.001124   8.822e-05  DFFR_X1
mult_53_U329                   0.0001196   0.0009744    0.001108   1.421e-05  NAND2_X1
mult_58_U230                   0.0003835   0.0007078    0.001105   1.344e-05  INV_X1
mult_53_U20                    0.0006011   0.0004276    0.001098   6.904e-05  FA_X1
Din_out_reg_reg_7_             0.0008789    0.000119    0.001086   8.822e-05  DFFR_X1
mult_47_U343                   0.0002442   0.0007995     0.00108   3.652e-05  XOR2_X1
mult_53_U48                    0.0005911   0.0004288    0.001075   5.487e-05  HA_X1
mult_47_U48                    0.0006126   0.0004055    0.001073   5.472e-05  HA_X1
mult_53_U41                    0.0006143   0.0003967    0.001069   5.748e-05  FA_X1
mult_45_U343                   0.0002429   0.0007806     0.00106   3.643e-05  XOR2_X1
sub_1_root_sub_0_root_sub_57_U11  0.0002854   0.0007571    0.001057    1.42e-05  INV_X1
mult_53_U343                   0.0002443   0.0007723    0.001053   3.652e-05  XOR2_X1
Din_out_reg_reg_4_             0.0008481   0.0001161    0.001052   8.822e-05  DFFR_X1
sub_0_root_sub_0_root_sub_57_U3  0.0003149     0.00072    0.001049    1.42e-05  INV_X1
Din_out_reg_reg_5_             0.0008479   0.0001107    0.001047   8.822e-05  DFFR_X1
mult_47_U49                    0.0005949   0.0003828    0.001041   6.296e-05  FA_X1
Din_out_reg_reg_8_             0.0008378   0.0001131    0.001039   8.822e-05  DFFR_X1
sub_0_root_sub_0_root_sub_57_U7  0.0003063   0.0007176    0.001038   1.436e-05  INV_X1
sub_0_root_sub_0_root_sub_57_U5  0.0003068   0.0007173    0.001038   1.411e-05  INV_X1
mult_51_U44                    0.0005912   0.0003867    0.001035   5.737e-05  HA_X1
mult_51_U343                   0.0002431   0.0007518    0.001031   3.643e-05  XOR2_X1
mult_51_U255                   0.0005985   0.0003969    0.001027   3.118e-05  XNOR2_X1
sub_0_root_sub_0_root_sub_57_U6  0.0002997   0.0007124    0.001026   1.432e-05  INV_X1
sub_1_root_sub_0_root_sub_57_U6  0.0002882   0.0007149    0.001017   1.424e-05  INV_X1
sub_0_root_sub_0_root_sub_57_U10  0.0002719   0.0007183    0.001004   1.428e-05  INV_X1
mult_45_U44                    0.0005899    0.000343   0.0009903   5.737e-05  HA_X1
mult_51_U50                    0.0005333   0.0003923   0.0009874   6.184e-05  HA_X1
mult_53_U255                   0.0005658   0.0003905   0.0009874   3.118e-05  XNOR2_X1
sw_reg_1__0_                   0.0007839   0.0001122   0.0009842   8.824e-05  DFFR_X1
FE_OFC9_sw_1                   9.379e-05    0.000828   0.0009442   2.239e-05  BUF_X1
FE_DBTC3_sw_9                  3.873e-05   0.0008786   0.0009318   1.449e-05  INV_X1
FE_DBTC7_sw_0                  3.873e-05   0.0008696   0.0009228   1.445e-05  INV_X1
mult_51_U48                     0.000521   0.0002919   0.0008692   5.633e-05  HA_X1
mult_45_U255                   0.0004885    0.000344   0.0008637   3.124e-05  XNOR2_X1
mult_47_U300                   0.0004005   0.0004222    0.000857   3.428e-05  OAI22_X1
mult_53_U351                   8.752e-05   0.0007487   0.0008528   1.662e-05  NAND2_X1
mult_45_U306                   0.0004024   0.0004126   0.0008492   3.428e-05  OAI22_X1
mult_45_U351                   8.727e-05   0.0007414   0.0008453   1.662e-05  NAND2_X1
mult_45_U261                   0.0003183   0.0004897   0.0008413   3.326e-05  OAI22_X1
mult_45_U302                   0.0004024   0.0004039   0.0008406   3.428e-05  OAI22_X1
mult_45_U48                    0.0005199    0.000261   0.0008372   5.633e-05  HA_X1
mult_45_U345                   0.0005459   0.0002409   0.0008291   4.221e-05  AOI222_X1
mult_47_U351                    8.73e-05   0.0007194   0.0008233   1.662e-05  NAND2_X1
Vin_delayed_reg                0.0007023   2.904e-05   0.0008225   9.112e-05  DFFR_X1
mult_51_U351                   8.741e-05    0.000718    0.000822   1.662e-05  NAND2_X1
sub_0_root_sub_0_root_sub_57_U11  0.0003817   0.0004184    0.000814   1.395e-05  INV_X1
mult_45_U50                    0.0004588   0.0002962   0.0008093   5.427e-05  HA_X1
mult_47_U46                    0.0004724   0.0002705   0.0007991   5.624e-05  FA_X1
mult_53_U344                   0.0005215   0.0002318   0.0007905   3.712e-05  AOI222_X1
VOUT_reg                       0.0006958   2.738e-06   0.0007896    9.11e-05  DFFR_X1
mult_45_U321                   0.0003887     0.00037   0.0007878   2.915e-05  OAI22_X1
FE_DBTC2_sw_12                  7.08e-05   0.0007019   0.0007873   1.461e-05  INV_X1
mult_47_U255                   0.0004521   0.0003036    0.000787   3.118e-05  XNOR2_X1
mult_45_U325                   0.0003887   0.0003613   0.0007791   2.915e-05  OAI22_X1
mult_53_U316                   0.0003353   0.0004112   0.0007757   2.917e-05  OAI22_X1
sub_1_root_sub_0_root_sub_57_U1  0.0003033   0.0004564   0.0007748    1.52e-05  INV_X1
mult_47_U319                   0.0003885   0.0003533   0.0007709   2.917e-05  OAI22_X1
mult_45_U323                     0.00039   0.0003465   0.0007662   2.966e-05  OAI22_X1
sub_0_root_sub_0_root_sub_57_U1  0.0003002   0.0004503   0.0007652    1.47e-05  INV_X1
mult_47_U50                     0.000422   0.0002737     0.00075   5.426e-05  HA_X1
mult_47_U323                    0.000389    0.000331   0.0007499   2.985e-05  OAI22_X1
FE_DBTC6_sw_3                  6.472e-05   0.0006672   0.0007466   1.461e-05  INV_X1
mult_47_U344                   0.0004919   0.0002048   0.0007418   4.518e-05  AOI222_X1
mult_53_U46                    0.0004352   0.0002407   0.0007321   5.624e-05  FA_X1
mult_45_U344                   0.0004553   0.0002436   0.0007303   3.144e-05  AOI222_X1
mult_51_U345                   0.0004884   0.0001963    0.000728   4.332e-05  AOI222_X1
mult_53_U319                   0.0003351   0.0003587    0.000723   2.917e-05  OAI22_X1
mult_53_U50                    0.0004186   0.0002542   0.0007224   4.968e-05  HA_X1
mult_51_U321                   0.0003361   0.0003494   0.0007147   2.915e-05  OAI22_X1
mult_47_U286                     0.00031   0.0003713   0.0007133   3.198e-05  OAI22_X1
mult_53_U323                    0.000338   0.0003404   0.0007083   2.985e-05  OAI22_X1
mult_47_U316                   0.0003395   0.0003348   0.0007041   2.985e-05  OAI22_X1
mult_51_U325                   0.0003399   0.0003315    0.000701   2.966e-05  OAI22_X1
mult_51_U319                   0.0003398   0.0003191   0.0006885   2.966e-05  OAI22_X1
mult_47_U304                   0.0003626   0.0002898   0.0006884   3.594e-05  OAI22_X1
mult_51_U300                   0.0002929   0.0003545   0.0006834   3.594e-05  OAI22_X1
mult_51_U306                   0.0002929   0.0003537   0.0006826   3.594e-05  OAI22_X1
mult_45_U262                   0.0002852   0.0003668    0.000681   2.897e-05  OAI22_X1
FE_DBTC0_sw_16                   7.9e-05   0.0005851   0.0006783   1.424e-05  INV_X1
mult_51_U298                   0.0003016   0.0003416   0.0006775   3.428e-05  OAI22_X1
mult_51_U302                   0.0003016   0.0003409   0.0006769   3.428e-05  OAI22_X1
FE_DBTC4_sw_7                  7.886e-05   0.0005814   0.0006745    1.42e-05  INV_X1
sw_reg_1__8_                   0.0004561   0.0001298   0.0006741   8.822e-05  DFFR_X1
mult_45_U304                   0.0003634   0.0002744   0.0006737   3.594e-05  OAI22_X1
mult_51_U314                   0.0003398   0.0002979   0.0006674   2.966e-05  OAI22_X1
sub_1_root_sub_0_root_sub_57_U5  0.0002429   0.0004039   0.0006657   1.884e-05  NAND2_X1
FE_DBTC1_sw_14                 8.212e-05    0.000568   0.0006639   1.378e-05  INV_X1
FE_DBTC5_sw_5                  7.798e-05   0.0005661   0.0006578   1.378e-05  INV_X1
mult_47_U314                   0.0003365   0.0002849   0.0006506   2.917e-05  OAI22_X1
mult_53_U300                   0.0002997   0.0003157   0.0006497   3.428e-05  OAI22_X1
mult_51_U346                   0.0004506   0.0001601   0.0006479   3.727e-05  AOI222_X1
mult_45_U314                   0.0003404   0.0002757   0.0006457   2.966e-05  OAI22_X1
mult_53_U298                   0.0002923   0.0003171   0.0006453   3.594e-05  OAI22_X1
mult_51_U352                   0.0003436   0.0002634   0.0006436   3.656e-05  XNOR2_X1
mult_53_U352                   0.0003422   0.0002635   0.0006422   3.656e-05  XNOR2_X1
mult_47_U302                    0.000319   0.0002882   0.0006404   3.326e-05  OAI22_X1
mult_51_U311                     0.00034   0.0002628   0.0006388   3.601e-05  XNOR2_X1
mult_53_U311                   0.0003367   0.0002656   0.0006384   3.601e-05  XNOR2_X1
mult_47_U262                   0.0002575   0.0003487   0.0006363   3.012e-05  OAI22_X1
mult_45_U288                   0.0002843   0.0003171   0.0006343   3.292e-05  OAI22_X1
mult_53_U296                   0.0002997   0.0002981   0.0006321   3.428e-05  OAI22_X1
mult_51_U344                   0.0003995   0.0001997   0.0006307   3.158e-05  AOI222_X1
mult_53_U330                   0.0003242   0.0002573   0.0006176   3.613e-05  XNOR2_X1
mult_51_U330                   0.0003249   0.0002559   0.0006171   3.617e-05  XNOR2_X1
mult_47_U345                   0.0004057   0.0001767   0.0006158   3.346e-05  AOI222_X1
mult_47_U261                   0.0002401   0.0003353   0.0006126   3.708e-05  OAI22_X1
mult_47_U296                   0.0002927   0.0002804   0.0006091   3.594e-05  OAI22_X1
mult_47_U294                   0.0002999   0.0002744   0.0006086   3.428e-05  OAI22_X1
mult_51_U294                   0.0002928   0.0002755   0.0006042   3.594e-05  OAI22_X1
mult_47_U288                   0.0002769   0.0002929   0.0006014   3.156e-05  OAI22_X1
mult_45_U284                   0.0003012   0.0002652   0.0005993   3.292e-05  OAI22_X1
mult_45_U356                   0.0003006   0.0002673   0.0005992   3.124e-05  XOR2_X1
mult_45_U294                   0.0002935   0.0002603   0.0005897   3.594e-05  OAI22_X1
mult_51_U356                   0.0003007   0.0002568   0.0005887   3.124e-05  XOR2_X1
mult_45_U260                   0.0002138   0.0003329   0.0005801   3.337e-05  OAI22_X1
mult_47_U356                    0.000295   0.0002529   0.0005792   3.124e-05  XOR2_X1
mult_53_U259                   0.0003375    0.000209   0.0005763   2.985e-05  OAI22_X1
mult_53_U356                    0.000295   0.0002498    0.000576   3.124e-05  XOR2_X1
mult_47_U321                   0.0002851   0.0002618   0.0005758   2.893e-05  OAI22_X1
mult_51_U280                   0.0002791   0.0002612   0.0005732   3.292e-05  OAI22_X1
mult_47_U260                   0.0002083   0.0003328   0.0005727   3.156e-05  OAI22_X1
mult_47_U280                   0.0002771   0.0002608   0.0005695   3.156e-05  OAI22_X1
mult_47_U282                   0.0002994    0.000233   0.0005653   3.292e-05  OAI22_X1
mult_45_U213                   0.0001795    0.000355   0.0005509   1.639e-05  INV_X1
mult_53_U304                   0.0002925   0.0002173   0.0005457   3.594e-05  OAI22_X1
mult_51_U256                   0.0001698   0.0003413   0.0005393   2.818e-05  NAND2_X1
mult_47_U325                   0.0002573   0.0002511   0.0005385   3.012e-05  OAI22_X1
mult_45_U300                   0.0002414   0.0002567   0.0005352   3.708e-05  OAI22_X1
mult_47_U276                   0.0002773   0.0002223   0.0005325   3.292e-05  OAI22_X1
mult_53_U260                   0.0001913   0.0003084   0.0005313   3.156e-05  OAI22_X1
mult_51_U259                   0.0003358   0.0001655   0.0005304   2.915e-05  OAI22_X1
mult_51_U262                   0.0002089   0.0002876   0.0005264   2.985e-05  OAI22_X1
mult_45_U319                   0.0002586   0.0002372   0.0005256   2.985e-05  OAI22_X1
mult_51_U226                   0.0001215   0.0003898   0.0005247    1.34e-05  INV_X1
mult_47_U306                   0.0002403   0.0002462   0.0005236   3.708e-05  OAI22_X1
mult_53_U346                   0.0003552   0.0001318    0.000523   3.595e-05  AOI222_X1
mult_51_U260                   0.0001911   0.0002995   0.0005222   3.156e-05  OAI22_X1
mult_53_U262                   0.0002072   0.0002842   0.0005215   3.012e-05  OAI22_X1
mult_51_U261                   0.0001931   0.0002899   0.0005201   3.708e-05  OAI22_X1
mult_53_U278                   0.0002781   0.0002065   0.0005176   3.292e-05  OAI22_X1
mult_45_U282                   0.0002775   0.0002077   0.0005168   3.156e-05  OAI22_X1
mult_47_U298                   0.0002405   0.0002371   0.0005147   3.708e-05  OAI22_X1
mult_51_U284                    0.000279   0.0002011    0.000513   3.292e-05  OAI22_X1
mult_51_U213                   0.0001636   0.0003332    0.000512   1.514e-05  INV_X1
mult_53_U282                   0.0002781   0.0001979    0.000509   3.292e-05  OAI22_X1
mult_53_U222                    0.000178   0.0003145   0.0005086    1.61e-05  INV_X1
mult_53_U256                   0.0001582   0.0003193   0.0005056   2.818e-05  NAND2_X1
mult_45_U286                   0.0002266   0.0002469   0.0005055   3.198e-05  OAI22_X1
mult_53_U302                   0.0002391   0.0002321   0.0005044   3.326e-05  OAI22_X1
mult_45_U227                   0.0001856   0.0003012   0.0005035   1.664e-05  INV_X1
mult_53_U261                   0.0001921   0.0002676   0.0004967   3.708e-05  OAI22_X1
mult_47_U218                   0.0001768   0.0003005    0.000493   1.572e-05  INV_X1
mult_51_U304                   0.0002387   0.0002173   0.0004892   3.326e-05  OAI22_X1
mult_47_U318                   0.0002854   0.0001693   0.0004859   3.129e-05  XNOR2_X1
mult_53_U321                   0.0002318   0.0002239   0.0004846   2.893e-05  OAI22_X1
mult_53_U231                   0.0001228   0.0003476   0.0004838    1.34e-05  INV_X1
mult_51_U323                   0.0002324   0.0002203   0.0004816   2.897e-05  OAI22_X1
mult_45_U256                   0.0001472   0.0003037    0.000479   2.813e-05  NAND2_X1
mult_51_U222                   0.0001717   0.0002887   0.0004771   1.664e-05  INV_X1
mult_45_U331                    0.000274     0.00017   0.0004752   3.121e-05  XNOR2_X1
mult_53_U345                   0.0003039    0.000137   0.0004734   3.259e-05  AOI222_X1
mult_53_U317                   0.0002854   0.0001556   0.0004723   3.129e-05  XNOR2_X1
mult_47_U303                   0.0002689   0.0001712   0.0004722   3.211e-05  XNOR2_X1
mult_51_U327                   0.0002856   0.0001525   0.0004693   3.121e-05  XNOR2_X1
mult_47_U297                   0.0002797    0.000157   0.0004688   3.211e-05  XNOR2_X1
mult_53_U324                   0.0002853   0.0001513    0.000468   3.129e-05  XNOR2_X1
mult_45_U326                   0.0002739   0.0001621   0.0004672   3.121e-05  XNOR2_X1
mult_51_U324                   0.0002856   0.0001497   0.0004665   3.121e-05  XNOR2_X1
mult_51_U305                    0.000284   0.0001501   0.0004662   3.211e-05  XNOR2_X1
mult_51_U320                   0.0002856    0.000149   0.0004659   3.121e-05  XNOR2_X1
mult_51_U301                    0.000284   0.0001478   0.0004639   3.211e-05  XNOR2_X1
mult_53_U322                   0.0002853   0.0001463   0.0004629   3.129e-05  XNOR2_X1
mult_51_U308                    0.000284   0.0001466   0.0004627   3.211e-05  XNOR2_X1
mult_53_U250                   0.0001906    0.000239   0.0004621   3.245e-05  OAI21_X1
mult_47_U324                   0.0002752   0.0001554    0.000462   3.129e-05  XNOR2_X1
mult_53_U305                   0.0002797   0.0001481   0.0004599   3.211e-05  XNOR2_X1
mult_51_U214                   0.0001447   0.0002973   0.0004585   1.652e-05  INV_X1
mult_53_U299                   0.0002797   0.0001449   0.0004567   3.211e-05  XNOR2_X1
mult_53_U303                   0.0002797   0.0001444   0.0004563   3.211e-05  XNOR2_X1
mult_51_U316                   0.0002087   0.0002176   0.0004562   2.985e-05  OAI22_X1
mult_47_U322                   0.0002752   0.0001493   0.0004558   3.129e-05  XNOR2_X1
mult_45_U324                   0.0002738   0.0001506   0.0004556   3.121e-05  XNOR2_X1
mult_45_U307                   0.0002684   0.0001533   0.0004537   3.211e-05  XNOR2_X1
mult_53_U280                   0.0002097   0.0002113    0.000453   3.198e-05  OAI22_X1
mult_51_U288                   0.0002094    0.000207   0.0004484   3.198e-05  OAI22_X1
mult_47_U305                   0.0002688   0.0001464   0.0004472   3.211e-05  XNOR2_X1
mult_45_U346                   0.0003016   0.0001061   0.0004471   3.941e-05  AOI222_X1
mult_45_U305                   0.0002683   0.0001454   0.0004458   3.211e-05  XNOR2_X1
mult_45_U312                   0.0002683   0.0001437   0.0004441   3.211e-05  XNOR2_X1
mult_53_U286                   0.0002097   0.0002013    0.000443   3.198e-05  OAI22_X1
mult_53_U252                   0.0001954   0.0002179   0.0004412   2.784e-05  OAI21_X1
mult_47_U233                   0.0003329   7.164e-05   0.0004398   3.531e-05  XOR2_X1
mult_51_U296                   0.0001931   0.0002088    0.000439   3.708e-05  OAI22_X1
mult_51_U232                   0.0003345   6.733e-05   0.0004372   3.531e-05  XOR2_X1
mult_45_U298                   0.0001935   0.0002051   0.0004356   3.708e-05  OAI22_X1
mult_53_U232                   0.0003328   6.702e-05   0.0004351   3.531e-05  XOR2_X1
mult_47_U348                   0.0003061   9.148e-05   0.0004347   3.706e-05  AOI222_X1
mult_45_U232                   0.0003345   6.442e-05   0.0004342   3.531e-05  XOR2_X1
mult_53_U325                   0.0002068   0.0001967   0.0004336   3.012e-05  OAI22_X1
mult_51_U293                    0.000135   0.0002768   0.0004313   1.945e-05  NOR2_X1
mult_45_U316                    0.000209   0.0001893   0.0004282   2.985e-05  OAI22_X1
FE_RC_9_0                      0.0002434   0.0001496   0.0004272   3.409e-05  AOI21_X1
mult_53_U314                   0.0002068   0.0001882   0.0004251   3.012e-05  OAI22_X1
mult_53_U292                   0.0002483   0.0001426    0.000425   3.417e-05  XOR2_X1
mult_51_U276                   0.0002092   0.0001831   0.0004243   3.198e-05  OAI22_X1
mult_53_U306                   0.0001922   0.0001899   0.0004192   3.708e-05  OAI22_X1
mult_45_U280                   0.0001933   0.0001938   0.0004187   3.156e-05  OAI22_X1
mult_51_U312                    0.000156   0.0002211   0.0004184   4.118e-05  XNOR2_X1
mult_51_U287                   0.0002483    0.000139   0.0004178   3.047e-05  XNOR2_X1
mult_53_U288                   0.0001935   0.0001921   0.0004171   3.156e-05  OAI22_X1
mult_51_U283                   0.0002483   0.0001379   0.0004167   3.047e-05  XNOR2_X1
mult_45_U293                   0.0001351    0.000261   0.0004156   1.945e-05  NOR2_X1
mult_53_U294                   0.0001921   0.0001854   0.0004146   3.708e-05  OAI22_X1
mult_45_U276                   0.0002093   0.0001723   0.0004135   3.198e-05  OAI22_X1
mult_45_U296                   0.0001935   0.0001818   0.0004124   3.708e-05  OAI22_X1
mult_45_U233                   0.0003074   6.702e-05   0.0004122   3.782e-05  XOR2_X1
mult_47_U234                   0.0003073   6.671e-05   0.0004118    3.78e-05  XOR2_X1
mult_51_U313                   0.0001343   0.0002558   0.0004099   1.987e-05  NOR2_X1
mult_51_U233                   0.0003073   6.413e-05   0.0004093   3.782e-05  XOR2_X1
mult_47_U292                   0.0002479    0.000127    0.000409   3.417e-05  XOR2_X1
mult_53_U233                   0.0003072   6.383e-05   0.0004088    3.78e-05  XOR2_X1
mult_47_U213                    0.000131   0.0002608   0.0004087   1.698e-05  INV_X1
mult_51_U290                   0.0002482   0.0001288   0.0004075   3.047e-05  XNOR2_X1
mult_47_U256                   0.0001325   0.0002466   0.0004073   2.818e-05  NAND2_X1
mult_47_U250                   0.0001909   0.0001838   0.0004071   3.245e-05  OAI21_X1
mult_53_U348                    0.000263   0.0001048   0.0004041   3.634e-05  AOI222_X1
mult_51_U292                   0.0002477   0.0001222   0.0004041   3.417e-05  XOR2_X1
mult_47_U252                   0.0001955   0.0001802   0.0004035   2.784e-05  OAI21_X1
mult_47_U279                   0.0002433   0.0001291   0.0004028   3.047e-05  XNOR2_X1
mult_53_U287                   0.0002433   0.0001287   0.0004025   3.047e-05  XNOR2_X1
mult_53_U285                   0.0002433   0.0001268   0.0004005   3.047e-05  XNOR2_X1
mult_51_U286                   0.0001962   0.0001702   0.0003998   3.337e-05  OAI22_X1
mult_53_U214                   0.0001222   0.0002608   0.0003996   1.652e-05  INV_X1
mult_53_U281                   0.0002433   0.0001242    0.000398   3.047e-05  XNOR2_X1
mult_45_U313                   0.0001369   0.0002411   0.0003979   1.987e-05  NOR2_X1
mult_45_U289                   0.0002321   0.0001353   0.0003979   3.047e-05  XNOR2_X1
mult_47_U284                   0.0001994   0.0001645   0.0003973   3.337e-05  OAI22_X1
mult_47_U259                   0.0002574   0.0001096   0.0003971   3.012e-05  OAI22_X1
mult_45_U259                   0.0002586   0.0001085    0.000397   2.985e-05  OAI22_X1
mult_45_U242                    0.000115   0.0002674   0.0003958    1.34e-05  INV_X1
mult_47_U215                   0.0001115   0.0002681   0.0003957    1.61e-05  INV_X1
mult_51_U295                   0.0002818   8.146e-05   0.0003953   3.211e-05  XNOR2_X1
mult_45_U225                   0.0001242   0.0002579   0.0003951   1.307e-05  INV_X1
mult_45_U222                   0.0001476   0.0002328   0.0003934   1.307e-05  INV_X1
mult_47_U285                    0.000232   0.0001294   0.0003919   3.047e-05  XNOR2_X1
mult_47_U287                    0.000232   0.0001287   0.0003911   3.047e-05  XNOR2_X1
mult_45_U287                    0.000232   0.0001285   0.0003909   3.047e-05  XNOR2_X1
mult_51_U282                   0.0002093   0.0001488   0.0003902   3.198e-05  OAI22_X1
mult_51_U315                   0.0002833   7.508e-05   0.0003896   3.121e-05  XNOR2_X1
mult_47_U278                   0.0002091   0.0001485   0.0003896   3.198e-05  OAI22_X1
mult_45_U315                   0.0002833   7.482e-05   0.0003893   3.121e-05  XNOR2_X1
mult_45_U295                   0.0002815   7.444e-05    0.000388   3.211e-05  XNOR2_X1
mult_53_U276                   0.0001933   0.0001626   0.0003875   3.156e-05  OAI22_X1
mult_51_U347                   0.0002515   0.0001016   0.0003848   3.178e-05  AOI222_X1
mult_51_U215                   0.0001058   0.0002599   0.0003818    1.61e-05  INV_X1
mult_53_U284                   0.0001952   0.0001484    0.000377   3.337e-05  OAI22_X1
mult_47_U346                   0.0002449   9.261e-05   0.0003749   3.748e-05  AOI222_X1
mult_45_U215                   0.0001085   0.0002503   0.0003749    1.61e-05  INV_X1
mult_47_U231                   9.271e-05   0.0002676   0.0003737    1.34e-05  INV_X1
mult_45_U219                   9.302e-05   0.0002642   0.0003707   1.344e-05  INV_X1
mult_51_U318                   0.0001574   0.0001711   0.0003702   4.175e-05  XNOR2_X1
mult_53_U213                   0.0001153   0.0002365   0.0003689   1.714e-05  INV_X1
mult_53_U301                   0.0001541   0.0001702   0.0003656   4.118e-05  XNOR2_X1
mult_47_U317                   0.0001573   0.0001658   0.0003648    4.17e-05  XNOR2_X1
mult_45_U317                   0.0001575   0.0001647    0.000364   4.175e-05  XNOR2_X1
mult_51_U278                   0.0001931   0.0001357   0.0003604   3.156e-05  OAI22_X1
mult_45_U278                   0.0001932   0.0001356   0.0003603   3.156e-05  OAI22_X1
FE_RC_8_0                      0.0002034   0.0001204   0.0003585   3.472e-05  AOI21_X1
mult_51_U307                   0.0001585   0.0001576   0.0003573   4.118e-05  XNOR2_X1
mult_45_U318                   0.0001579   0.0001571   0.0003568   4.175e-05  XNOR2_X1
mult_53_U215                   0.0001119   0.0002275   0.0003555    1.61e-05  INV_X1
mult_45_U297                   0.0001586   0.0001552   0.0003549   4.118e-05  XNOR2_X1
mult_45_U277                   0.0002462   7.723e-05   0.0003539   3.047e-05  XNOR2_X1
mult_51_U299                   0.0001586   0.0001529   0.0003527   4.118e-05  XNOR2_X1
mult_47_U349                   0.0001659   0.0001569   0.0003527   2.992e-05  OAI21_X1
mult_47_U242                   0.0001056   0.0002332   0.0003522    1.34e-05  INV_X1
mult_53_U349                   0.0001658   0.0001565   0.0003522   2.992e-05  OAI21_X1
mult_51_U317                    0.000158   0.0001514   0.0003512   4.175e-05  XNOR2_X1
mult_51_U277                   0.0002461    7.44e-05    0.000351   3.047e-05  XNOR2_X1
mult_45_U301                   0.0001587   0.0001508   0.0003506   4.118e-05  XNOR2_X1
mult_51_U326                   0.0001581    0.000149   0.0003489   4.175e-05  XNOR2_X1
mult_53_U331                   0.0001579   0.0001493   0.0003489    4.17e-05  XNOR2_X1
mult_53_U326                   0.0001579   0.0001492   0.0003487    4.17e-05  XNOR2_X1
mult_45_U299                   0.0001588   0.0001485   0.0003484   4.118e-05  XNOR2_X1
mult_51_U303                   0.0001588   0.0001476   0.0003476   4.118e-05  XNOR2_X1
mult_45_U327                   0.0001416   0.0001633   0.0003466   4.175e-05  XNOR2_X1
mult_47_U320                   0.0001437   0.0001605   0.0003459    4.17e-05  XNOR2_X1
mult_53_U318                    0.000158   0.0001462   0.0003458    4.17e-05  XNOR2_X1
mult_51_U322                   0.0001582   0.0001456   0.0003456   4.175e-05  XNOR2_X1
mult_53_U327                    0.000158   0.0001459   0.0003456    4.17e-05  XNOR2_X1
mult_51_U297                   0.0001589   0.0001452   0.0003453   4.118e-05  XNOR2_X1
mult_53_U308                   0.0001549   0.0001487   0.0003448   4.118e-05  XNOR2_X1
mult_53_U320                    0.000158   0.0001446   0.0003443    4.17e-05  XNOR2_X1
mult_51_U331                   0.0001584   0.0001422   0.0003423   4.175e-05  XNOR2_X1
mult_53_U297                    0.000155    0.000146   0.0003422   4.118e-05  XNOR2_X1
mult_45_U320                   0.0001416   0.0001582   0.0003416   4.175e-05  XNOR2_X1
mult_53_U307                   0.0001551   0.0001444   0.0003406   4.118e-05  XNOR2_X1
mult_47_U299                   0.0001551   0.0001425   0.0003389   4.118e-05  XNOR2_X1
mult_47_U326                   0.0001438    0.000152   0.0003375    4.17e-05  XNOR2_X1
mult_47_U331                   0.0001438   0.0001518   0.0003373    4.17e-05  XNOR2_X1
mult_53_U312                   0.0001552     0.00014   0.0003365   4.118e-05  XNOR2_X1
mult_45_U322                   0.0001417   0.0001529   0.0003364   4.175e-05  XNOR2_X1
mult_47_U253                   0.0002221   8.732e-05   0.0003342   2.478e-05  OR3_X1
mult_47_U327                   0.0001438    0.000147   0.0003326    4.17e-05  XNOR2_X1
mult_45_U303                   0.0001365   0.0001542    0.000332   4.118e-05  XNOR2_X1
FE_RC_3_0                      0.0001887   0.0001082   0.0003314   3.446e-05  AOI21_X1
mult_53_U253                    0.000221   8.387e-05   0.0003297   2.478e-05  OR3_X1
mult_47_U301                   0.0001399   0.0001485   0.0003296   4.118e-05  XNOR2_X1
mult_47_U307                   0.0001399   0.0001476   0.0003287   4.118e-05  XNOR2_X1
FE_RC_2_0                      0.0001845   0.0001082   0.0003274   3.471e-05  AOI21_X1
mult_47_U312                   0.0001399   0.0001451   0.0003262   4.118e-05  XNOR2_X1
mult_47_U308                   0.0001399   0.0001449   0.0003261   4.118e-05  XNOR2_X1
mult_51_U332                   0.0001158   0.0001872   0.0003221   1.913e-05  NOR2_X1
mult_45_U281                   0.0001408   0.0001387   0.0003217   4.222e-05  XNOR2_X1
mult_51_U279                   0.0001408    0.000138   0.0003211   4.222e-05  XNOR2_X1
mult_45_U332                   0.0001175    0.000184   0.0003206   1.913e-05  NOR2_X1
mult_45_U308                   0.0001365   0.0001421   0.0003198   4.118e-05  XNOR2_X1
mult_47_U281                   0.0001346   0.0001422    0.000319   4.222e-05  XNOR2_X1
mult_45_U228                   0.0001651   0.0001227   0.0003187   3.083e-05  MUX2_X1
mult_51_U281                    0.000141   0.0001354   0.0003186   4.222e-05  XNOR2_X1
mult_51_U289                    0.000141   0.0001351   0.0003183   4.222e-05  XNOR2_X1
mult_45_U290                    0.000141   0.0001351   0.0003182   4.222e-05  XNOR2_X1
mult_51_U285                   0.0001411   0.0001326   0.0003159   4.222e-05  XNOR2_X1
mult_53_U283                   0.0001347   0.0001387   0.0003157   4.222e-05  XNOR2_X1
mult_53_U264                   0.0001437   0.0001382   0.0003135   3.151e-05  OAI22_X1
mult_45_U283                   0.0001412   0.0001289   0.0003124   4.222e-05  XNOR2_X1
mult_45_U279                   0.0001413   0.0001282   0.0003117   4.222e-05  XNOR2_X1
mult_51_U223                   0.0001646   0.0001155   0.0003109   3.083e-05  MUX2_X1
mult_51_U266                   0.0001452    0.000132   0.0003086   3.138e-05  OAI22_X1
mult_47_U216                   9.227e-05   0.0002004   0.0003064   1.378e-05  INV_X1
mult_45_U243                   0.0001033   0.0001888   0.0003055    1.34e-05  INV_X1
mult_53_U347                   0.0001726    9.81e-05    0.000305   3.424e-05  AOI222_X1
mult_53_U289                   0.0001351   0.0001275   0.0003048   4.222e-05  XNOR2_X1
mult_53_U279                   0.0001352   0.0001259   0.0003033   4.222e-05  XNOR2_X1
mult_53_U290                   0.0001352   0.0001255   0.0003029   4.222e-05  XNOR2_X1
mult_53_U223                   0.0001555   0.0001106    0.000302   3.587e-05  MUX2_X1
mult_45_U266                   0.0001453   0.0001249   0.0003016   3.138e-05  OAI22_X1
mult_51_U348                   0.0001871    7.85e-05   0.0003003   3.464e-05  AOI222_X1
mult_51_U263                   0.0001453   0.0001236   0.0003002   3.138e-05  OAI22_X1
mult_45_U216                   9.485e-05   0.0001922   0.0003001   1.307e-05  INV_X1
mult_51_U309                   0.0001647   9.127e-05   0.0002991    4.31e-05  OAI22_X1
mult_47_U283                   0.0001195   0.0001359   0.0002976   4.222e-05  XNOR2_X1
mult_47_U223                   0.0001091   0.0001741   0.0002959   1.265e-05  INV_X1
mult_47_U289                   0.0001195   0.0001332   0.0002949   4.222e-05  XNOR2_X1
mult_47_U290                   0.0001195   0.0001328   0.0002946   4.222e-05  XNOR2_X1
mult_51_U240                   8.575e-05   0.0001937   0.0002929   1.344e-05  INV_X1
mult_45_U214                   8.664e-05   0.0001882   0.0002913   1.652e-05  INV_X1
mult_47_U221                   9.433e-05   0.0001843   0.0002913   1.265e-05  INV_X1
mult_53_U240                   8.489e-05   0.0001912   0.0002895    1.34e-05  INV_X1
mult_51_U250                   0.0001125   0.0001352   0.0002892   4.157e-05  OAI21_X1
FE_RC_10_0                     0.0001505   0.0001052   0.0002888   3.314e-05  AOI21_X1
mult_51_U217                   8.693e-05   0.0001836    0.000288   1.748e-05  INV_X1
mult_45_U285                   0.0001166    0.000128   0.0002869   4.222e-05  XNOR2_X1
mult_51_U268                    0.000135   0.0001205    0.000284   2.855e-05  OAI22_X1
mult_45_U292                   0.0001161     0.00013   0.0002829   3.677e-05  XOR2_X1
mult_53_U266                   0.0001334   0.0001196   0.0002817   2.866e-05  OAI22_X1
mult_47_U243                   9.329e-05   0.0001745   0.0002812    1.34e-05  INV_X1
mult_53_U224                   0.0002011   5.469e-05   0.0002809   2.517e-05  AND2_X1
mult_53_U295                    0.000158   8.144e-05   0.0002807   4.118e-05  XNOR2_X1
mult_53_U315                   0.0001613   7.694e-05   0.0002799    4.17e-05  XNOR2_X1
mult_47_U315                   0.0001613   7.632e-05   0.0002793    4.17e-05  XNOR2_X1
FE_RC_12_0                     0.0001362   0.0001097   0.0002789   3.304e-05  AOI21_X1
mult_51_U271                    0.000159   8.459e-05   0.0002782   3.464e-05  XNOR2_X1
mult_51_U269                    0.000159   8.406e-05   0.0002777   3.464e-05  XNOR2_X1
mult_47_U214                   8.547e-05    0.000175   0.0002775   1.706e-05  INV_X1
FE_RC_5_0                      0.0001471    9.56e-05   0.0002774   3.471e-05  AOI21_X1
mult_51_U265                    0.000159   8.306e-05   0.0002767   3.464e-05  XNOR2_X1
mult_45_U269                    0.000159   8.283e-05   0.0002765   3.464e-05  XNOR2_X1
FE_RC_6_0                      0.0001509   9.057e-05   0.0002759   3.446e-05  AOI21_X1
mult_45_U270                   0.0001238   0.0001193   0.0002745   3.138e-05  OAI22_X1
FE_RC_11_0                     0.0001487   9.025e-05   0.0002736   3.468e-05  AOI21_X1
mult_47_U295                   0.0001585   7.384e-05   0.0002735   4.118e-05  XNOR2_X1
mult_45_U250                   0.0001134   0.0001174   0.0002723   4.157e-05  OAI21_X1
mult_53_U216                   8.538e-05   0.0001718   0.0002709   1.378e-05  INV_X1
mult_51_U216                   8.453e-05   0.0001718   0.0002701   1.378e-05  INV_X1
mult_47_U267                   0.0001454   9.001e-05     0.00027   3.464e-05  XNOR2_X1
mult_53_U269                   0.0001526   8.213e-05   0.0002694   3.464e-05  XNOR2_X1
mult_53_U267                   0.0001526    8.21e-05   0.0002694   3.464e-05  XNOR2_X1
mult_45_U273                    0.000148   8.623e-05   0.0002689   3.464e-05  XNOR2_X1
mult_53_U354                   0.0001526   8.101e-05   0.0002683   3.464e-05  XNOR2_X1
mult_47_U264                   0.0001226   0.0001134   0.0002675   3.151e-05  OAI22_X1
FE_RC_4_0                      0.0001364   9.562e-05   0.0002651   3.304e-05  AOI21_X1
mult_47_U269                   0.0001453   8.456e-05   0.0002645   3.464e-05  XNOR2_X1
mult_47_U266                   0.0001275   0.0001079   0.0002641   2.866e-05  OAI22_X1
mult_47_U347                   0.0001536   7.709e-05   0.0002636   3.296e-05  AOI222_X1
mult_53_U218                   8.245e-05   0.0001656   0.0002633   1.526e-05  INV_X1
mult_45_U275                   0.0001479   7.993e-05   0.0002625   3.464e-05  XNOR2_X1
FE_RC_7_0                      0.0001377   9.101e-05   0.0002617   3.304e-05  AOI21_X1
mult_53_U217                   8.085e-05   0.0001619   0.0002592   1.643e-05  INV_X1
mult_53_U251                   0.0001679   6.679e-05   0.0002583    2.36e-05  OR3_X1
mult_47_U251                   0.0001678    6.58e-05   0.0002572    2.36e-05  OR3_X1
mult_53_U353                   0.0001566   7.321e-05   0.0002567   2.685e-05  OAI22_X1
mult_47_U220                   7.919e-05   0.0001599   0.0002559   1.677e-05  INV_X1
mult_45_U272                   0.0001289   9.643e-05   0.0002538   2.855e-05  OAI22_X1
mult_53_U277                   0.0001377   7.347e-05   0.0002534   4.222e-05  XNOR2_X1
mult_47_U277                   0.0001377   7.241e-05   0.0002524   4.222e-05  XNOR2_X1
mult_47_U355                   3.318e-05   0.0002022   0.0002511   1.569e-05  NAND2_X1
mult_53_U254                   0.0001192    0.000106   0.0002509   2.568e-05  AND3_X1
FE_OFC0_sw_8                   2.457e-05   0.0002048   0.0002509   2.152e-05  BUF_X1
mult_51_U230                   7.714e-05   0.0001603     0.00025   1.265e-05  INV_X1
mult_53_U355                   3.322e-05   0.0001983   0.0002472   1.569e-05  NAND2_X1
mult_45_U223                   7.467e-05   0.0001585   0.0002462   1.307e-05  INV_X1
mult_51_U228                   8.882e-05   0.0001434   0.0002449   1.265e-05  INV_X1
mult_53_U229                    8.68e-05   0.0001435    0.000243   1.265e-05  INV_X1
mult_51_U355                    3.51e-05   0.0001919   0.0002426   1.557e-05  NAND2_X1
mult_51_U349                   9.576e-05   0.0001063   0.0002424   4.034e-05  OAI21_X1
mult_45_U355                   3.514e-05   0.0001911   0.0002418   1.557e-05  NAND2_X1
mult_47_U254                   0.0001185   9.761e-05   0.0002418   2.568e-05  AND3_X1
mult_51_U241                   7.536e-05   0.0001518   0.0002406   1.344e-05  INV_X1
mult_45_U264                   9.521e-05   9.955e-05   0.0002367   4.199e-05  OAI22_X1
mult_45_U349                   9.618e-05   9.824e-05   0.0002348   4.034e-05  OAI21_X1
mult_53_U241                   7.498e-05   0.0001458   0.0002342    1.34e-05  INV_X1
mult_47_U268                   9.522e-05   0.0001008    0.000234    3.79e-05  OAI22_X1
mult_47_U219                   6.684e-05   0.0001491   0.0002334   1.743e-05  INV_X1
mult_45_U263                   9.521e-05   9.388e-05   0.0002311   4.199e-05  OAI22_X1
mult_51_U218                   6.949e-05   0.0001441    0.000231   1.743e-05  INV_X1
mult_47_U263                   9.375e-05   9.305e-05   0.0002289   4.207e-05  OAI22_X1
mult_47_U270                   9.301e-05   9.352e-05   0.0002286   4.207e-05  OAI22_X1
mult_53_U227                   7.577e-05   0.0001398   0.0002282   1.265e-05  INV_X1
mult_53_U270                   9.375e-05   8.829e-05   0.0002241   4.207e-05  OAI22_X1
U77                            0.0001323   5.407e-05   0.0002214   3.501e-05  OAI21_X1
mult_45_U265                   9.088e-05   9.037e-05   0.0002208   3.957e-05  XNOR2_X1
mult_45_U267                    9.09e-05   9.011e-05   0.0002206   3.957e-05  XNOR2_X1
U75                             0.000131   5.436e-05   0.0002204   3.502e-05  OAI21_X1
mult_47_U224                   6.871e-05   0.0001374   0.0002199   1.378e-05  INV_X1
mult_51_U273                   9.094e-05   8.935e-05   0.0002199   3.957e-05  XNOR2_X1
mult_47_U350                   0.0001112   7.913e-05   0.0002185   2.821e-05  NAND3_X1
mult_47_U272                   9.299e-05   8.012e-05   0.0002152   4.207e-05  OAI22_X1
mult_51_U267                   9.127e-05   8.259e-05   0.0002134   3.957e-05  XNOR2_X1
mult_45_U271                   9.129e-05   8.192e-05   0.0002128   3.957e-05  XNOR2_X1
mult_45_U354                   9.136e-05   8.083e-05   0.0002118   3.957e-05  XNOR2_X1
mult_51_U275                   9.137e-05   8.044e-05   0.0002114   3.957e-05  XNOR2_X1
mult_51_U354                   9.137e-05   8.043e-05   0.0002114   3.957e-05  XNOR2_X1
mult_53_U226                   6.905e-05   0.0001284   0.0002113   1.378e-05  INV_X1
mult_51_U229                   6.925e-05   0.0001276   0.0002106   1.378e-05  INV_X1
mult_51_U252                    8.02e-05    8.84e-05   0.0002103   4.174e-05  OAI21_X1
mult_47_U265                   8.457e-05   8.575e-05   0.0002099   3.957e-05  XNOR2_X1
mult_53_U350                   0.0001114   6.943e-05    0.000209   2.821e-05  NAND3_X1
mult_53_U273                   8.466e-05     8.4e-05   0.0002082   3.957e-05  XNOR2_X1
mult_53_U265                   8.467e-05   8.388e-05   0.0002081   3.957e-05  XNOR2_X1
mult_53_U225                   0.0001458   3.661e-05   0.0002078   2.541e-05  AND3_X1
mult_53_U272                   9.379e-05    7.13e-05   0.0002072   4.207e-05  OAI22_X1
mult_53_U271                   8.471e-05   8.277e-05    0.000207   3.957e-05  XNOR2_X1
mult_51_U272                   9.532e-05   6.939e-05   0.0002067   4.199e-05  OAI22_X1
mult_47_U354                   8.474e-05   8.171e-05    0.000206   3.957e-05  XNOR2_X1
mult_51_U264                   8.282e-05   8.496e-05   0.0002056   3.783e-05  OAI22_X1
mult_53_U275                   8.485e-05   7.873e-05   0.0002032   3.957e-05  XNOR2_X1
mult_45_U252                   8.042e-05   8.032e-05   0.0002025   4.174e-05  OAI21_X1
mult_45_U268                   8.284e-05   8.078e-05   0.0002014   3.783e-05  OAI22_X1
mult_51_U270                   8.288e-05   8.056e-05   0.0002013   3.783e-05  OAI22_X1
FE_OFC5_sw_17                   2.52e-05   0.0001534   0.0002001    2.15e-05  BUF_X1
mult_47_U271                   7.467e-05   8.579e-05      0.0002   3.957e-05  XNOR2_X1
mult_51_U353                   0.0001023    6.24e-05   0.0001999   3.518e-05  OAI22_X1
mult_53_U263                   8.139e-05   7.905e-05   0.0001983    3.79e-05  OAI22_X1
mult_53_U268                   8.139e-05   7.898e-05   0.0001983    3.79e-05  OAI22_X1
mult_47_U275                   7.468e-05    8.26e-05   0.0001969   3.957e-05  XNOR2_X1
mult_47_U273                   7.468e-05   8.209e-05   0.0001963   3.957e-05  XNOR2_X1
U73                             0.000112   4.851e-05   0.0001955   3.501e-05  OAI21_X1
mult_45_U229                   0.0001341   3.795e-05    0.000195   2.299e-05  AND2_X1
mult_51_U224                   0.0001339   3.643e-05   0.0001933   2.299e-05  AND2_X1
mult_45_U353                   0.0001023   5.434e-05   0.0001918   3.518e-05  OAI22_X1
mult_47_U248                   6.072e-05   0.0001021   0.0001853   2.252e-05  NOR2_X1
mult_53_U248                   5.998e-05   0.0001005    0.000183   2.252e-05  NOR2_X1
mult_53_U257                   5.938e-05   0.0001114   0.0001826   1.173e-05  NAND2_X1
U83                            9.736e-05   4.959e-05    0.000182   3.502e-05  OAI21_X1
FE_RC_1_0                      9.555e-05   5.188e-05    0.000181   3.353e-05  AOI21_X1
mult_51_U248                   5.869e-05     9.8e-05   0.0001792   2.249e-05  NOR2_X1
U87                            0.0001023   4.021e-05   0.0001775   3.499e-05  OAI21_X1
mult_51_U337                   5.881e-05    9.55e-05   0.0001768   2.249e-05  NOR2_X1
mult_47_U341                   6.124e-05   9.196e-05   0.0001757   2.252e-05  NOR2_X1
mult_47_U353                    8.23e-05    4.87e-05   0.0001757   4.472e-05  OAI22_X1
mult_47_U337                    5.95e-05   9.368e-05   0.0001755   2.228e-05  NOR2_X1
mult_45_U257                   5.943e-05   0.0001042   0.0001754   1.175e-05  NAND2_X1
mult_45_U335                   5.968e-05   9.309e-05   0.0001753   2.249e-05  NOR2_X1
mult_45_U248                   5.797e-05   9.494e-05   0.0001752   2.231e-05  NOR2_X1
mult_45_U337                   5.971e-05   9.248e-05   0.0001747   2.249e-05  NOR2_X1
mult_53_U337                   5.873e-05   9.305e-05   0.0001741   2.228e-05  NOR2_X1
mult_47_U335                   6.141e-05   8.873e-05   0.0001727   2.252e-05  NOR2_X1
mult_45_U333                    5.98e-05   9.023e-05   0.0001725   2.249e-05  NOR2_X1
mult_53_U341                   6.055e-05    8.93e-05   0.0001724   2.252e-05  NOR2_X1
mult_53_U335                   6.058e-05   8.878e-05   0.0001719   2.252e-05  NOR2_X1
mult_51_U257                   5.943e-05   0.0001005   0.0001717   1.175e-05  NAND2_X1
mult_47_U333                   6.152e-05   8.763e-05   0.0001717   2.252e-05  NOR2_X1
mult_51_U333                   5.908e-05   8.999e-05   0.0001716   2.249e-05  NOR2_X1
mult_53_U339                   5.888e-05   9.006e-05   0.0001712   2.228e-05  NOR2_X1
mult_51_U339                   5.746e-05   9.052e-05   0.0001703   2.231e-05  NOR2_X1
mult_47_U257                   5.837e-05   9.892e-05   0.0001692   1.188e-05  NAND2_X1
mult_45_U341                   6.001e-05   8.616e-05   0.0001687   2.249e-05  NOR2_X1
mult_45_U230                   0.0001122   3.031e-05    0.000168   2.548e-05  AND3_X1
mult_51_U335                    5.76e-05   8.732e-05   0.0001672   2.231e-05  NOR2_X1
mult_45_U339                   5.837e-05   8.633e-05    0.000167   2.231e-05  NOR2_X1
mult_53_U333                   5.914e-05   8.551e-05   0.0001669   2.228e-05  NOR2_X1
mult_47_U339                   5.997e-05   8.458e-05   0.0001668   2.228e-05  NOR2_X1
mult_51_U341                   5.763e-05   8.678e-05   0.0001667   2.231e-05  NOR2_X1
FE_RC_18_0                     8.506e-05   4.647e-05   0.0001662   3.469e-05  AOI21_X1
mult_51_U225                   0.0001119   2.756e-05   0.0001649   2.548e-05  AND3_X1
FE_RC_17_0                     8.362e-05   4.587e-05   0.0001642   3.474e-05  AOI21_X1
FE_RC_0_0                      8.352e-05     4.5e-05   0.0001633   3.474e-05  AOI21_X1
U85                            7.759e-05   4.803e-05   0.0001606     3.5e-05  OAI21_X1
mult_45_U221                   4.681e-05   9.109e-05   0.0001513   1.336e-05  INV_X1
U81                            7.917e-05   3.586e-05     0.00015   3.501e-05  OAI21_X1
mult_45_U348                   8.327e-05   3.236e-05   0.0001459   3.031e-05  AOI222_X1
mult_45_U347                   8.009e-05   3.033e-05   0.0001415    3.11e-05  AOI222_X1
mult_51_U246                   5.917e-05   6.741e-05   0.0001383   1.175e-05  NAND2_X1
U71                            7.224e-05   2.925e-05   0.0001365   3.505e-05  OAI21_X1
mult_53_U246                   5.903e-05   6.103e-05   0.0001318   1.173e-05  NAND2_X1
mult_47_U246                   5.948e-05   5.753e-05   0.0001287   1.173e-05  NAND2_X1
mult_45_U246                   5.769e-05   5.685e-05   0.0001264   1.186e-05  NAND2_X1
mult_47_U222                   3.908e-05     7.2e-05   0.0001236   1.248e-05  INV_X1
mult_51_U227                   3.974e-05   6.987e-05   0.0001221   1.248e-05  INV_X1
mult_53_U228                   3.917e-05   6.951e-05   0.0001212   1.248e-05  INV_X1
sub_1_root_sub_0_root_sub_57_U7   4.89e-05   5.579e-05   0.0001188   1.411e-05  INV_X1
mult_47_U228                   7.286e-05    2.15e-05    0.000116   2.169e-05  AND2_X1
mult_45_U218                   3.032e-05   6.295e-05   0.0001113   1.806e-05  INV_X1
mult_45_U217                   2.646e-05   5.682e-05   0.0001012   1.789e-05  INV_X1
mult_53_U258                   3.894e-05   1.599e-05   8.623e-05   3.129e-05  XNOR2_X1
mult_51_U247                    4.02e-05   1.088e-05   8.554e-05   3.445e-05  XOR2_X1
mult_51_U258                    3.81e-05   1.569e-05   8.499e-05   3.121e-05  XNOR2_X1
mult_53_U247                    4.07e-05   9.625e-06    8.47e-05   3.437e-05  XOR2_X1
mult_47_U247                   3.989e-05   1.042e-05   8.468e-05   3.437e-05  XOR2_X1
mult_53_U334                   3.883e-05   1.294e-05   8.306e-05   3.129e-05  XNOR2_X1
mult_45_U258                   3.778e-05   1.219e-05   8.118e-05   3.121e-05  XNOR2_X1
mult_53_U338                   3.876e-05   1.103e-05   8.108e-05   3.129e-05  XNOR2_X1
mult_47_U258                   2.175e-05   1.708e-05   8.054e-05    4.17e-05  XNOR2_X1
mult_51_U340                    3.79e-05   1.088e-05   7.999e-05   3.121e-05  XNOR2_X1
mult_53_U340                   3.871e-05   9.837e-06   7.984e-05   3.129e-05  XNOR2_X1
mult_45_U249                   3.772e-05   1.073e-05   7.966e-05   3.121e-05  XNOR2_X1
mult_51_U342                   3.788e-05   1.031e-05    7.94e-05   3.121e-05  XNOR2_X1
mult_47_U338                   3.732e-05   1.053e-05   7.914e-05   3.129e-05  XNOR2_X1
mult_51_U336                   3.786e-05   9.754e-06   7.882e-05   3.121e-05  XNOR2_X1
mult_47_U340                   3.729e-05   1.004e-05   7.863e-05   3.129e-05  XNOR2_X1
mult_45_U340                   3.767e-05   9.662e-06   7.855e-05   3.121e-05  XNOR2_X1
mult_47_U334                   2.199e-05   1.224e-05   7.593e-05    4.17e-05  XNOR2_X1
mult_53_U336                   2.209e-05   1.035e-05   7.414e-05    4.17e-05  XNOR2_X1
mult_53_U249                    2.21e-05   1.012e-05   7.393e-05    4.17e-05  XNOR2_X1
mult_45_U336                   2.067e-05   1.148e-05   7.391e-05   4.175e-05  XNOR2_X1
mult_45_U342                   2.067e-05   1.138e-05   7.381e-05   4.175e-05  XNOR2_X1
mult_53_U342                   2.211e-05   9.944e-06   7.376e-05    4.17e-05  XNOR2_X1
mult_51_U334                   2.095e-05   1.105e-05   7.375e-05   4.175e-05  XNOR2_X1
mult_45_U338                   2.068e-05   1.125e-05   7.368e-05   4.175e-05  XNOR2_X1
mult_45_U334                   2.072e-05   1.017e-05   7.265e-05   4.175e-05  XNOR2_X1
mult_47_U249                    2.01e-05   1.081e-05   7.261e-05    4.17e-05  XNOR2_X1
mult_51_U249                     2.1e-05   9.829e-06   7.258e-05   4.175e-05  XNOR2_X1
mult_51_U338                   2.101e-05   9.662e-06   7.242e-05   4.175e-05  XNOR2_X1
mult_47_U336                   2.012e-05   1.034e-05   7.216e-05    4.17e-05  XNOR2_X1
mult_47_U342                   2.013e-05   1.011e-05   7.194e-05    4.17e-05  XNOR2_X1
mult_45_U247                   1.879e-05   1.094e-05   6.699e-05   3.726e-05  XOR2_X1
U79                            1.812e-05   7.484e-06   6.062e-05   3.501e-05  OAI21_X1
U91                            9.471e-07   1.539e-05   3.483e-05    1.85e-05  INV_X1
mult_47_U227                           0           0   3.214e-05   3.214e-05  MUX2_X1
mult_58_U327                           0           0   2.568e-05   2.568e-05  NOR2_X1
mult_47_U332                           0           0   2.568e-05   2.568e-05  NOR2_X1
mult_53_U332                           0           0   2.568e-05   2.568e-05  NOR2_X1
mult_51_U251                           0           0   2.532e-05   2.532e-05  OR3_X1
mult_45_U251                           0           0   2.532e-05   2.532e-05  OR3_X1
mult_51_U253                           0           0   2.305e-05   2.305e-05  OR3_X1
mult_45_U253                           0           0   2.305e-05   2.305e-05  OR3_X1
mult_53_U293                           0           0   2.288e-05   2.288e-05  NOR2_X1
mult_47_U293                           0           0   2.288e-05   2.288e-05  NOR2_X1
mult_58_U288                           0           0   2.281e-05   2.281e-05  NOR2_X1
mult_47_U229                           0           0   2.221e-05   2.221e-05  AND3_X1
mult_51_U254                           0           0   2.211e-05   2.211e-05  AND3_X1
mult_45_U254                           0           0   2.211e-05   2.211e-05  AND3_X1
mult_53_U313                           0           0   1.929e-05   1.929e-05  NOR2_X1
mult_47_U313                           0           0   1.929e-05   1.929e-05  NOR2_X1
mult_58_U308                           0           0   1.923e-05   1.923e-05  NOR2_X1
mult_51_U234                           0           0    1.86e-05    1.86e-05  INV_X1
mult_45_U235                           0           0    1.86e-05    1.86e-05  INV_X1
mult_47_U241                           0           0    1.86e-05    1.86e-05  INV_X1
mult_45_U350                           0           0   1.081e-05   1.081e-05  NAND3_X1
mult_51_U350                           0           0   1.081e-05   1.081e-05  NAND3_X1
mult_47_U236                           0           0    1.01e-05    1.01e-05  INV_X1
mult_58_U237                           0           0    1.01e-05    1.01e-05  INV_X1
mult_58_U238                           0           0    1.01e-05    1.01e-05  INV_X1
mult_45_U241                           0           0    1.01e-05    1.01e-05  INV_X1
mult_53_U238                           0           0    1.01e-05    1.01e-05  INV_X1
mult_53_U234                           0           0    1.01e-05    1.01e-05  INV_X1
mult_51_U238                           0           0    1.01e-05    1.01e-05  INV_X1
U80                            8.592e-07   5.536e-07   5.518e-06   4.105e-06  NAND2_X1
U78                            7.736e-07   5.767e-07   5.455e-06   4.105e-06  NAND2_X1
U86                            7.551e-07   5.378e-07   5.434e-06   4.142e-06  NAND2_X1
U82                            7.326e-07   5.617e-07   5.421e-06   4.127e-06  NAND2_X1
U88                                    0           0   4.193e-06   4.193e-06  NAND2_X1
U74                                    0           0   4.142e-06   4.142e-06  NAND2_X1
U84                                    0           0   4.072e-06   4.072e-06  NAND2_X1
U76                                    0           0   4.068e-06   4.068e-06  NAND2_X1
U72                                    0           0   3.954e-06   3.954e-06  NAND2_X1

---------------------------------------------------------------------------------------

Total (   1007 of   1007  )       0.8051      0.6699      1.515     0.03965
Total Capacitance                5.821e-12 F
Power Density                   *** No Die Area ***
